{"C:\\Users\\bandujar\\GEI_adeptify\\backend\\src\\app.module.ts": {"path":"C:\\Users\\bandujar\\GEI_adeptify\\backend\\src\\app.module.ts","statementMap":{"0":{"start":{"line":1,"column":0},"end":{"line":1,"column":40}},"1":{"start":{"line":2,"column":0},"end":{"line":2,"column":61}},"2":{"start":{"line":3,"column":0},"end":{"line":3,"column":48}},"3":{"start":{"line":5,"column":0},"end":{"line":5,"column":56}},"4":{"start":{"line":6,"column":0},"end":{"line":6,"column":59}},"5":{"start":{"line":7,"column":0},"end":{"line":7,"column":65}},"6":{"start":{"line":8,"column":0},"end":{"line":8,"column":71}},"7":{"start":{"line":9,"column":0},"end":{"line":9,"column":80}},"8":{"start":{"line":10,"column":0},"end":{"line":10,"column":86}},"9":{"start":{"line":11,"column":0},"end":{"line":11,"column":68}},"10":{"start":{"line":12,"column":0},"end":{"line":12,"column":71}},"11":{"start":{"line":13,"column":0},"end":{"line":13,"column":80}},"12":{"start":{"line":14,"column":0},"end":{"line":14,"column":50}},"13":{"start":{"line":58,"column":7},"end":{"line":58,"column":null}},"14":{"start":{"line":58,"column":13},"end":{"line":58,"column":22}},"15":{"start":{"line":58,"column":13},"end":{"line":58,"column":null}},"16":{"start":{"line":27,"column":53},"end":{"line":41,"column":8}}},"fnMap":{"0":{"name":"(anonymous_1)","decl":{"start":{"line":27,"column":18},"end":{"line":27,"column":19}},"loc":{"start":{"line":27,"column":53},"end":{"line":41,"column":8}}}},"branchMap":{"0":{"loc":{"start":{"line":38,"column":13},"end":{"line":38,"column":99}},"type":"cond-expr","locations":[{"start":{"line":38,"column":62},"end":{"line":38,"column":91}},{"start":{"line":38,"column":94},"end":{"line":38,"column":99}}]}},"s":{"0":0,"1":0,"2":0,"3":0,"4":0,"5":0,"6":0,"7":0,"8":0,"9":0,"10":0,"11":0,"12":0,"13":0,"14":0,"15":0,"16":0},"f":{"0":0},"b":{"0":[0,0]}}
,"C:\\Users\\bandujar\\GEI_adeptify\\backend\\src\\main.ts": {"path":"C:\\Users\\bandujar\\GEI_adeptify\\backend\\src\\main.ts","statementMap":{"0":{"start":{"line":1,"column":0},"end":{"line":1,"column":43}},"1":{"start":{"line":2,"column":0},"end":{"line":2,"column":48}},"2":{"start":{"line":3,"column":0},"end":{"line":3,"column":65}},"3":{"start":{"line":4,"column":0},"end":{"line":4,"column":47}},"4":{"start":{"line":5,"column":0},"end":{"line":5,"column":28}},"5":{"start":{"line":6,"column":0},"end":{"line":6,"column":38}},"6":{"start":{"line":7,"column":0},"end":{"line":7,"column":43}},"7":{"start":{"line":9,"column":0},"end":{"line":9,"column":41}},"8":{"start":{"line":12,"column":14},"end":{"line":12,"column":49}},"9":{"start":{"line":13,"column":24},"end":{"line":13,"column":46}},"10":{"start":{"line":16,"column":2},"end":{"line":16,"column":20}},"11":{"start":{"line":17,"column":2},"end":{"line":17,"column":25}},"12":{"start":{"line":20,"column":2},"end":{"line":28,"column":4}},"13":{"start":{"line":31,"column":21},"end":{"line":31,"column":78}},"14":{"start":{"line":32,"column":2},"end":{"line":35,"column":5}},"15":{"start":{"line":38,"column":2},"end":{"line":47,"column":4}},"16":{"start":{"line":50,"column":2},"end":{"line":50,"column":29}},"17":{"start":{"line":53,"column":17},"end":{"line":66,"column":12}},"18":{"start":{"line":68,"column":19},"end":{"line":68,"column":60}},"19":{"start":{"line":69,"column":2},"end":{"line":73,"column":5}},"20":{"start":{"line":76,"column":2},"end":{"line":83,"column":5}},"21":{"start":{"line":77,"column":4},"end":{"line":82,"column":7}},"22":{"start":{"line":85,"column":15},"end":{"line":85,"column":46}},"23":{"start":{"line":86,"column":2},"end":{"line":86,"column":25}},"24":{"start":{"line":88,"column":2},"end":{"line":88,"column":61}},"25":{"start":{"line":89,"column":2},"end":{"line":89,"column":85}},"26":{"start":{"line":90,"column":2},"end":{"line":90,"column":79}},"27":{"start":{"line":93,"column":0},"end":{"line":96,"column":3}},"28":{"start":{"line":94,"column":2},"end":{"line":94,"column":57}},"29":{"start":{"line":95,"column":2},"end":{"line":95,"column":18}}},"fnMap":{"0":{"name":"bootstrap","decl":{"start":{"line":11,"column":15},"end":{"line":11,"column":24}},"loc":{"start":{"line":11,"column":24},"end":{"line":91,"column":1}}},"1":{"name":"(anonymous_1)","decl":{"start":{"line":76,"column":21},"end":{"line":76,"column":22}},"loc":{"start":{"line":76,"column":34},"end":{"line":83,"column":3}}},"2":{"name":"(anonymous_2)","decl":{"start":{"line":93,"column":18},"end":{"line":93,"column":19}},"loc":{"start":{"line":93,"column":28},"end":{"line":96,"column":1}}}},"branchMap":{},"s":{"0":0,"1":0,"2":0,"3":0,"4":0,"5":0,"6":0,"7":0,"8":0,"9":0,"10":0,"11":0,"12":0,"13":0,"14":0,"15":0,"16":0,"17":0,"18":0,"19":0,"20":0,"21":0,"22":0,"23":0,"24":0,"25":0,"26":0,"27":0,"28":0,"29":0},"f":{"0":0,"1":0,"2":0},"b":{}}
,"C:\\Users\\bandujar\\GEI_adeptify\\backend\\src\\config\\database.config.ts": {"path":"C:\\Users\\bandujar\\GEI_adeptify\\backend\\src\\config\\database.config.ts","statementMap":{"0":{"start":{"line":4,"column":33},"end":{"line":18,"column":2}},"1":{"start":{"line":4,"column":90},"end":{"line":18,"column":2}},"2":{"start":{"line":4,"column":13},"end":{"line":4,"column":33}},"3":{"start":{"line":20,"column":13},"end":{"line":34,"column":2}}},"fnMap":{"0":{"name":"(anonymous_0)","decl":{"start":{"line":4,"column":33},"end":{"line":4,"column":34}},"loc":{"start":{"line":4,"column":90},"end":{"line":18,"column":2}}}},"branchMap":{"0":{"loc":{"start":{"line":15,"column":7},"end":{"line":15,"column":93}},"type":"cond-expr","locations":[{"start":{"line":15,"column":56},"end":{"line":15,"column":85}},{"start":{"line":15,"column":88},"end":{"line":15,"column":93}}]},"1":{"loc":{"start":{"line":22,"column":8},"end":{"line":22,"column":42}},"type":"binary-expr","locations":[{"start":{"line":22,"column":8},"end":{"line":22,"column":27}},{"start":{"line":22,"column":31},"end":{"line":22,"column":42}}]},"2":{"loc":{"start":{"line":23,"column":8},"end":{"line":23,"column":45}},"type":"binary-expr","locations":[{"start":{"line":23,"column":8},"end":{"line":23,"column":37}},{"start":{"line":23,"column":41},"end":{"line":23,"column":45}}]},"3":{"loc":{"start":{"line":24,"column":12},"end":{"line":24,"column":49}},"type":"binary-expr","locations":[{"start":{"line":24,"column":12},"end":{"line":24,"column":35}},{"start":{"line":24,"column":39},"end":{"line":24,"column":49}}]},"4":{"loc":{"start":{"line":25,"column":12},"end":{"line":25,"column":49}},"type":"binary-expr","locations":[{"start":{"line":25,"column":12},"end":{"line":25,"column":35}},{"start":{"line":25,"column":39},"end":{"line":25,"column":49}}]},"5":{"loc":{"start":{"line":26,"column":12},"end":{"line":26,"column":43}},"type":"binary-expr","locations":[{"start":{"line":26,"column":12},"end":{"line":26,"column":31}},{"start":{"line":26,"column":35},"end":{"line":26,"column":43}}]},"6":{"loc":{"start":{"line":31,"column":7},"end":{"line":31,"column":84}},"type":"cond-expr","locations":[{"start":{"line":31,"column":47},"end":{"line":31,"column":76}},{"start":{"line":31,"column":79},"end":{"line":31,"column":84}}]}},"s":{"0":0,"1":0,"2":0,"3":0},"f":{"0":0},"b":{"0":[0,0],"1":[0,0],"2":[0,0],"3":[0,0],"4":[0,0],"5":[0,0],"6":[0,0]}}
,"C:\\Users\\bandujar\\GEI_adeptify\\backend\\src\\modules\\academic\\academic.controller.ts": {"path":"C:\\Users\\bandujar\\GEI_adeptify\\backend\\src\\modules\\academic\\academic.controller.ts","statementMap":{"0":{"start":{"line":1,"column":0},"end":{"line":1,"column":103}},"1":{"start":{"line":2,"column":0},"end":{"line":2,"column":53}},"2":{"start":{"line":3,"column":0},"end":{"line":3,"column":61}},"3":{"start":{"line":8,"column":7},"end":{"line":61,"column":null}},"4":{"start":{"line":9,"column":31},"end":{"line":9,"column":48}},"5":{"start":{"line":24,"column":4},"end":{"line":24,"column":59}},"6":{"start":{"line":29,"column":4},"end":{"line":29,"column":83}},"7":{"start":{"line":34,"column":4},"end":{"line":34,"column":82}},"8":{"start":{"line":39,"column":4},"end":{"line":39,"column":78}},"9":{"start":{"line":44,"column":4},"end":{"line":44,"column":70}},"10":{"start":{"line":49,"column":4},"end":{"line":49,"column":58}},"11":{"start":{"line":54,"column":4},"end":{"line":54,"column":84}},"12":{"start":{"line":59,"column":4},"end":{"line":59,"column":83}},"13":{"start":{"line":8,"column":13},"end":{"line":8,"column":31}},"14":{"start":{"line":12,"column":8},"end":{"line":25,"column":null}},"15":{"start":{"line":28,"column":8},"end":{"line":30,"column":null}},"16":{"start":{"line":33,"column":8},"end":{"line":35,"column":null}},"17":{"start":{"line":38,"column":8},"end":{"line":40,"column":null}},"18":{"start":{"line":43,"column":8},"end":{"line":45,"column":null}},"19":{"start":{"line":48,"column":8},"end":{"line":50,"column":null}},"20":{"start":{"line":53,"column":8},"end":{"line":55,"column":null}},"21":{"start":{"line":58,"column":8},"end":{"line":60,"column":null}},"22":{"start":{"line":8,"column":13},"end":{"line":61,"column":null}}},"fnMap":{"0":{"name":"(anonymous_4)","decl":{"start":{"line":9,"column":2},"end":{"line":9,"column":31}},"loc":{"start":{"line":9,"column":63},"end":{"line":9,"column":67}}},"1":{"name":"(anonymous_5)","decl":{"start":{"line":12,"column":2},"end":{"line":12,"column":7}},"loc":{"start":{"line":23,"column":3},"end":{"line":25,"column":3}}},"2":{"name":"(anonymous_6)","decl":{"start":{"line":28,"column":2},"end":{"line":28,"column":7}},"loc":{"start":{"line":28,"column":100},"end":{"line":30,"column":3}}},"3":{"name":"(anonymous_7)","decl":{"start":{"line":33,"column":2},"end":{"line":33,"column":7}},"loc":{"start":{"line":33,"column":99},"end":{"line":35,"column":3}}},"4":{"name":"(anonymous_8)","decl":{"start":{"line":38,"column":2},"end":{"line":38,"column":7}},"loc":{"start":{"line":38,"column":99},"end":{"line":40,"column":3}}},"5":{"name":"(anonymous_9)","decl":{"start":{"line":43,"column":2},"end":{"line":43,"column":7}},"loc":{"start":{"line":43,"column":71},"end":{"line":45,"column":3}}},"6":{"name":"(anonymous_10)","decl":{"start":{"line":48,"column":2},"end":{"line":48,"column":7}},"loc":{"start":{"line":48,"column":46},"end":{"line":50,"column":3}}},"7":{"name":"(anonymous_11)","decl":{"start":{"line":53,"column":2},"end":{"line":53,"column":7}},"loc":{"start":{"line":53,"column":72},"end":{"line":55,"column":3}}},"8":{"name":"(anonymous_12)","decl":{"start":{"line":58,"column":2},"end":{"line":58,"column":7}},"loc":{"start":{"line":58,"column":71},"end":{"line":60,"column":3}}}},"branchMap":{},"s":{"0":0,"1":0,"2":0,"3":0,"4":0,"5":0,"6":0,"7":0,"8":0,"9":0,"10":0,"11":0,"12":0,"13":0,"14":0,"15":0,"16":0,"17":0,"18":0,"19":0,"20":0,"21":0,"22":0},"f":{"0":0,"1":0,"2":0,"3":0,"4":0,"5":0,"6":0,"7":0,"8":0},"b":{}}
,"C:\\Users\\bandujar\\GEI_adeptify\\backend\\src\\modules\\academic\\academic.module.ts": {"path":"C:\\Users\\bandujar\\GEI_adeptify\\backend\\src\\modules\\academic\\academic.module.ts","statementMap":{"0":{"start":{"line":1,"column":0},"end":{"line":1,"column":40}},"1":{"start":{"line":2,"column":0},"end":{"line":2,"column":48}},"2":{"start":{"line":3,"column":0},"end":{"line":3,"column":59}},"3":{"start":{"line":4,"column":0},"end":{"line":4,"column":53}},"4":{"start":{"line":5,"column":0},"end":{"line":5,"column":71}},"5":{"start":{"line":6,"column":0},"end":{"line":6,"column":53}},"6":{"start":{"line":7,"column":0},"end":{"line":7,"column":43}},"7":{"start":{"line":18,"column":7},"end":{"line":18,"column":null}},"8":{"start":{"line":18,"column":13},"end":{"line":18,"column":27}},"9":{"start":{"line":18,"column":13},"end":{"line":18,"column":null}}},"fnMap":{},"branchMap":{},"s":{"0":0,"1":0,"2":0,"3":0,"4":0,"5":0,"6":0,"7":0,"8":0,"9":0},"f":{},"b":{}}
,"C:\\Users\\bandujar\\GEI_adeptify\\backend\\src\\modules\\academic\\academic.service.ts": {"path":"C:\\Users\\bandujar\\GEI_adeptify\\backend\\src\\modules\\academic\\academic.service.ts","statementMap":{"0":{"start":{"line":1,"column":0},"end":{"line":1,"column":44}},"1":{"start":{"line":2,"column":0},"end":{"line":2,"column":51}},"2":{"start":{"line":3,"column":0},"end":{"line":3,"column":37}},"3":{"start":{"line":4,"column":0},"end":{"line":4,"column":87}},"4":{"start":{"line":5,"column":0},"end":{"line":5,"column":53}},"5":{"start":{"line":6,"column":0},"end":{"line":6,"column":45}},"6":{"start":{"line":9,"column":7},"end":{"line":190,"column":null}},"7":{"start":{"line":12,"column":12},"end":{"line":12,"column":40}},"8":{"start":{"line":14,"column":12},"end":{"line":14,"column":28}},"9":{"start":{"line":15,"column":12},"end":{"line":15,"column":23}},"10":{"start":{"line":30,"column":21},"end":{"line":30,"column":73}},"11":{"start":{"line":33,"column":4},"end":{"line":35,"column":5}},"12":{"start":{"line":34,"column":6},"end":{"line":34,"column":129}},"13":{"start":{"line":37,"column":4},"end":{"line":37,"column":64}},"14":{"start":{"line":41,"column":23},"end":{"line":41,"column":36}},"15":{"start":{"line":42,"column":4},"end":{"line":44,"column":5}},"16":{"start":{"line":43,"column":6},"end":{"line":43,"column":30}},"17":{"start":{"line":46,"column":4},"end":{"line":49,"column":7}},"18":{"start":{"line":53,"column":21},"end":{"line":53,"column":70}},"19":{"start":{"line":55,"column":4},"end":{"line":55,"column":40}},"20":{"start":{"line":55,"column":31},"end":{"line":55,"column":40}},"21":{"start":{"line":57,"column":23},"end":{"line":57,"column":75}},"22":{"start":{"line":57,"column":51},"end":{"line":57,"column":71}},"23":{"start":{"line":58,"column":26},"end":{"line":58,"column":83}},"24":{"start":{"line":58,"column":54},"end":{"line":58,"column":79}},"25":{"start":{"line":60,"column":4},"end":{"line":60,"column":70}},"26":{"start":{"line":69,"column":21},"end":{"line":69,"column":70}},"27":{"start":{"line":71,"column":4},"end":{"line":78,"column":5}},"28":{"start":{"line":72,"column":6},"end":{"line":77,"column":8}},"29":{"start":{"line":80,"column":19},"end":{"line":80,"column":69}},"30":{"start":{"line":80,"column":37},"end":{"line":80,"column":49}},"31":{"start":{"line":80,"column":63},"end":{"line":80,"column":68}},"32":{"start":{"line":81,"column":20},"end":{"line":81,"column":97}},"33":{"start":{"line":81,"column":66},"end":{"line":81,"column":73}},"34":{"start":{"line":84,"column":25},"end":{"line":84,"column":43}},"35":{"start":{"line":85,"column":54},"end":{"line":85,"column":62}},"36":{"start":{"line":87,"column":4},"end":{"line":96,"column":5}},"37":{"start":{"line":88,"column":24},"end":{"line":88,"column":81}},"38":{"start":{"line":89,"column":25},"end":{"line":89,"column":79}},"39":{"start":{"line":91,"column":23},"end":{"line":91,"column":82}},"40":{"start":{"line":91,"column":52},"end":{"line":91,"column":59}},"41":{"start":{"line":92,"column":24},"end":{"line":92,"column":85}},"42":{"start":{"line":92,"column":54},"end":{"line":92,"column":61}},"43":{"start":{"line":94,"column":6},"end":{"line":95,"column":61}},"44":{"start":{"line":94,"column":36},"end":{"line":94,"column":56}},"45":{"start":{"line":95,"column":11},"end":{"line":95,"column":61}},"46":{"start":{"line":95,"column":41},"end":{"line":95,"column":61}},"47":{"start":{"line":99,"column":28},"end":{"line":99,"column":87}},"48":{"start":{"line":101,"column":4},"end":{"line":106,"column":6}},"49":{"start":{"line":110,"column":21},"end":{"line":110,"column":85}},"50":{"start":{"line":112,"column":4},"end":{"line":114,"column":5}},"51":{"start":{"line":113,"column":6},"end":{"line":113,"column":53}},"52":{"start":{"line":116,"column":4},"end":{"line":116,"column":40}},"53":{"start":{"line":119,"column":4},"end":{"line":126,"column":5}},"54":{"start":{"line":120,"column":6},"end":{"line":125,"column":8}},"55":{"start":{"line":128,"column":4},"end":{"line":128,"column":64}},"56":{"start":{"line":132,"column":4},"end":{"line":132,"column":53}},"57":{"start":{"line":136,"column":23},"end":{"line":136,"column":47}},"58":{"start":{"line":138,"column":54},"end":{"line":138,"column":62}},"59":{"start":{"line":139,"column":47},"end":{"line":139,"column":52}},"60":{"start":{"line":140,"column":25},"end":{"line":140,"column":27}},"61":{"start":{"line":142,"column":4},"end":{"line":157,"column":5}},"62":{"start":{"line":143,"column":6},"end":{"line":143,"column":83}},"63":{"start":{"line":144,"column":6},"end":{"line":144,"column":24}},"64":{"start":{"line":145,"column":11},"end":{"line":157,"column":5}},"65":{"start":{"line":146,"column":6},"end":{"line":146,"column":83}},"66":{"start":{"line":147,"column":6},"end":{"line":147,"column":24}},"67":{"start":{"line":148,"column":11},"end":{"line":157,"column":5}},"68":{"start":{"line":149,"column":6},"end":{"line":149,"column":81}},"69":{"start":{"line":150,"column":6},"end":{"line":150,"column":27}},"70":{"start":{"line":151,"column":11},"end":{"line":157,"column":5}},"71":{"start":{"line":152,"column":6},"end":{"line":152,"column":75}},"72":{"start":{"line":153,"column":6},"end":{"line":153,"column":25}},"73":{"start":{"line":155,"column":6},"end":{"line":155,"column":83}},"74":{"start":{"line":156,"column":6},"end":{"line":156,"column":25}},"75":{"start":{"line":159,"column":4},"end":{"line":166,"column":6}},"76":{"start":{"line":170,"column":38},"end":{"line":170,"column":40}},"77":{"start":{"line":172,"column":4},"end":{"line":180,"column":5}},"78":{"start":{"line":173,"column":6},"end":{"line":173,"column":92}},"79":{"start":{"line":174,"column":6},"end":{"line":174,"column":79}},"80":{"start":{"line":175,"column":11},"end":{"line":180,"column":5}},"81":{"start":{"line":176,"column":6},"end":{"line":176,"column":71}},"82":{"start":{"line":177,"column":6},"end":{"line":177,"column":79}},"83":{"start":{"line":179,"column":6},"end":{"line":179,"column":65}},"84":{"start":{"line":182,"column":4},"end":{"line":186,"column":5}},"85":{"start":{"line":183,"column":6},"end":{"line":183,"column":96}},"86":{"start":{"line":184,"column":11},"end":{"line":186,"column":5}},"87":{"start":{"line":185,"column":6},"end":{"line":185,"column":81}},"88":{"start":{"line":188,"column":4},"end":{"line":188,"column":27}},"89":{"start":{"line":9,"column":13},"end":{"line":9,"column":28}},"90":{"start":{"line":9,"column":13},"end":{"line":190,"column":null}}},"fnMap":{"0":{"name":"(anonymous_4)","decl":{"start":{"line":10,"column":2},"end":{"line":10,"column":null}},"loc":{"start":{"line":15,"column":32},"end":{"line":16,"column":6}}},"1":{"name":"(anonymous_5)","decl":{"start":{"line":18,"column":2},"end":{"line":18,"column":7}},"loc":{"start":{"line":29,"column":3},"end":{"line":38,"column":3}}},"2":{"name":"(anonymous_6)","decl":{"start":{"line":40,"column":2},"end":{"line":40,"column":7}},"loc":{"start":{"line":40,"column":62},"end":{"line":50,"column":3}}},"3":{"name":"(anonymous_7)","decl":{"start":{"line":52,"column":2},"end":{"line":52,"column":7}},"loc":{"start":{"line":52,"column":61},"end":{"line":61,"column":3}}},"4":{"name":"(anonymous_8)","decl":{"start":{"line":57,"column":39},"end":{"line":57,"column":40}},"loc":{"start":{"line":57,"column":51},"end":{"line":57,"column":71}}},"5":{"name":"(anonymous_9)","decl":{"start":{"line":58,"column":42},"end":{"line":58,"column":43}},"loc":{"start":{"line":58,"column":54},"end":{"line":58,"column":79}}},"6":{"name":"(anonymous_10)","decl":{"start":{"line":63,"column":2},"end":{"line":63,"column":7}},"loc":{"start":{"line":63,"column":61},"end":{"line":107,"column":3}}},"7":{"name":"(anonymous_11)","decl":{"start":{"line":80,"column":32},"end":{"line":80,"column":33}},"loc":{"start":{"line":80,"column":37},"end":{"line":80,"column":49}}},"8":{"name":"(anonymous_12)","decl":{"start":{"line":80,"column":58},"end":{"line":80,"column":59}},"loc":{"start":{"line":80,"column":63},"end":{"line":80,"column":68}}},"9":{"name":"(anonymous_13)","decl":{"start":{"line":81,"column":54},"end":{"line":81,"column":55}},"loc":{"start":{"line":81,"column":66},"end":{"line":81,"column":73}}},"10":{"name":"(anonymous_14)","decl":{"start":{"line":91,"column":40},"end":{"line":91,"column":41}},"loc":{"start":{"line":91,"column":52},"end":{"line":91,"column":59}}},"11":{"name":"(anonymous_15)","decl":{"start":{"line":92,"column":42},"end":{"line":92,"column":43}},"loc":{"start":{"line":92,"column":54},"end":{"line":92,"column":61}}},"12":{"name":"(anonymous_16)","decl":{"start":{"line":109,"column":2},"end":{"line":109,"column":7}},"loc":{"start":{"line":109,"column":72},"end":{"line":129,"column":3}}},"13":{"name":"(anonymous_17)","decl":{"start":{"line":131,"column":2},"end":{"line":131,"column":7}},"loc":{"start":{"line":131,"column":33},"end":{"line":133,"column":3}}},"14":{"name":"(anonymous_18)","decl":{"start":{"line":135,"column":10},"end":{"line":135,"column":15}},"loc":{"start":{"line":135,"column":106},"end":{"line":167,"column":3}}},"15":{"name":"(anonymous_19)","decl":{"start":{"line":169,"column":10},"end":{"line":169,"column":15}},"loc":{"start":{"line":169,"column":87},"end":{"line":189,"column":3}}}},"branchMap":{"0":{"loc":{"start":{"line":33,"column":4},"end":{"line":35,"column":5}},"type":"if","locations":[{"start":{"line":33,"column":4},"end":{"line":35,"column":5}}]},"1":{"loc":{"start":{"line":42,"column":4},"end":{"line":44,"column":5}},"type":"if","locations":[{"start":{"line":42,"column":4},"end":{"line":44,"column":5}}]},"2":{"loc":{"start":{"line":55,"column":4},"end":{"line":55,"column":40}},"type":"if","locations":[{"start":{"line":55,"column":4},"end":{"line":55,"column":40}}]},"3":{"loc":{"start":{"line":57,"column":58},"end":{"line":57,"column":70}},"type":"binary-expr","locations":[{"start":{"line":57,"column":58},"end":{"line":57,"column":65}},{"start":{"line":57,"column":69},"end":{"line":57,"column":70}}]},"4":{"loc":{"start":{"line":58,"column":61},"end":{"line":58,"column":78}},"type":"binary-expr","locations":[{"start":{"line":58,"column":61},"end":{"line":58,"column":71}},{"start":{"line":58,"column":75},"end":{"line":58,"column":78}}]},"5":{"loc":{"start":{"line":60,"column":11},"end":{"line":60,"column":69}},"type":"cond-expr","locations":[{"start":{"line":60,"column":31},"end":{"line":60,"column":65}},{"start":{"line":60,"column":68},"end":{"line":60,"column":69}}]},"6":{"loc":{"start":{"line":71,"column":4},"end":{"line":78,"column":5}},"type":"if","locations":[{"start":{"line":71,"column":4},"end":{"line":78,"column":5}}]},"7":{"loc":{"start":{"line":81,"column":20},"end":{"line":81,"column":97}},"type":"cond-expr","locations":[{"start":{"line":81,"column":40},"end":{"line":81,"column":93}},{"start":{"line":81,"column":96},"end":{"line":81,"column":97}}]},"8":{"loc":{"start":{"line":87,"column":4},"end":{"line":96,"column":5}},"type":"if","locations":[{"start":{"line":87,"column":4},"end":{"line":96,"column":5}}]},"9":{"loc":{"start":{"line":94,"column":6},"end":{"line":95,"column":61}},"type":"if","locations":[{"start":{"line":94,"column":6},"end":{"line":95,"column":61}},{"start":{"line":95,"column":11},"end":{"line":95,"column":61}}]},"10":{"loc":{"start":{"line":95,"column":11},"end":{"line":95,"column":61}},"type":"if","locations":[{"start":{"line":95,"column":11},"end":{"line":95,"column":61}}]},"11":{"loc":{"start":{"line":112,"column":4},"end":{"line":114,"column":5}},"type":"if","locations":[{"start":{"line":112,"column":4},"end":{"line":114,"column":5}}]},"12":{"loc":{"start":{"line":119,"column":4},"end":{"line":126,"column":5}},"type":"if","locations":[{"start":{"line":119,"column":4},"end":{"line":126,"column":5}}]},"13":{"loc":{"start":{"line":135,"column":84},"end":{"line":135,"column":106}},"type":"default-arg","locations":[{"start":{"line":135,"column":103},"end":{"line":135,"column":106}}]},"14":{"loc":{"start":{"line":142,"column":4},"end":{"line":157,"column":5}},"type":"if","locations":[{"start":{"line":142,"column":4},"end":{"line":157,"column":5}},{"start":{"line":145,"column":11},"end":{"line":157,"column":5}}]},"15":{"loc":{"start":{"line":145,"column":11},"end":{"line":157,"column":5}},"type":"if","locations":[{"start":{"line":145,"column":11},"end":{"line":157,"column":5}},{"start":{"line":148,"column":11},"end":{"line":157,"column":5}}]},"16":{"loc":{"start":{"line":148,"column":11},"end":{"line":157,"column":5}},"type":"if","locations":[{"start":{"line":148,"column":11},"end":{"line":157,"column":5}},{"start":{"line":151,"column":11},"end":{"line":157,"column":5}}]},"17":{"loc":{"start":{"line":151,"column":11},"end":{"line":157,"column":5}},"type":"if","locations":[{"start":{"line":151,"column":11},"end":{"line":157,"column":5}},{"start":{"line":154,"column":11},"end":{"line":157,"column":5}}]},"18":{"loc":{"start":{"line":163,"column":17},"end":{"line":163,"column":82}},"type":"cond-expr","locations":[{"start":{"line":163,"column":36},"end":{"line":163,"column":77}},{"start":{"line":163,"column":80},"end":{"line":163,"column":82}}]},"19":{"loc":{"start":{"line":164,"column":27},"end":{"line":164,"column":109}},"type":"cond-expr","locations":[{"start":{"line":164,"column":45},"end":{"line":164,"column":104}},{"start":{"line":164,"column":107},"end":{"line":164,"column":109}}]},"20":{"loc":{"start":{"line":165,"column":54},"end":{"line":165,"column":79}},"type":"cond-expr","locations":[{"start":{"line":165,"column":73},"end":{"line":165,"column":74}},{"start":{"line":165,"column":77},"end":{"line":165,"column":79}}]},"21":{"loc":{"start":{"line":172,"column":4},"end":{"line":180,"column":5}},"type":"if","locations":[{"start":{"line":172,"column":4},"end":{"line":180,"column":5}},{"start":{"line":175,"column":11},"end":{"line":180,"column":5}}]},"22":{"loc":{"start":{"line":175,"column":11},"end":{"line":180,"column":5}},"type":"if","locations":[{"start":{"line":175,"column":11},"end":{"line":180,"column":5}},{"start":{"line":178,"column":11},"end":{"line":180,"column":5}}]},"23":{"loc":{"start":{"line":182,"column":4},"end":{"line":186,"column":5}},"type":"if","locations":[{"start":{"line":182,"column":4},"end":{"line":186,"column":5}},{"start":{"line":184,"column":11},"end":{"line":186,"column":5}}]},"24":{"loc":{"start":{"line":184,"column":11},"end":{"line":186,"column":5}},"type":"if","locations":[{"start":{"line":184,"column":11},"end":{"line":186,"column":5}}]}},"s":{"0":0,"1":0,"2":0,"3":0,"4":0,"5":0,"6":0,"7":0,"8":0,"9":0,"10":0,"11":0,"12":0,"13":0,"14":0,"15":0,"16":0,"17":0,"18":0,"19":0,"20":0,"21":0,"22":0,"23":0,"24":0,"25":0,"26":0,"27":0,"28":0,"29":0,"30":0,"31":0,"32":0,"33":0,"34":0,"35":0,"36":0,"37":0,"38":0,"39":0,"40":0,"41":0,"42":0,"43":0,"44":0,"45":0,"46":0,"47":0,"48":0,"49":0,"50":0,"51":0,"52":0,"53":0,"54":0,"55":0,"56":0,"57":0,"58":0,"59":0,"60":0,"61":0,"62":0,"63":0,"64":0,"65":0,"66":0,"67":0,"68":0,"69":0,"70":0,"71":0,"72":0,"73":0,"74":0,"75":0,"76":0,"77":0,"78":0,"79":0,"80":0,"81":0,"82":0,"83":0,"84":0,"85":0,"86":0,"87":0,"88":0,"89":0,"90":0},"f":{"0":0,"1":0,"2":0,"3":0,"4":0,"5":0,"6":0,"7":0,"8":0,"9":0,"10":0,"11":0,"12":0,"13":0,"14":0,"15":0},"b":{"0":[0],"1":[0],"2":[0],"3":[0,0],"4":[0,0],"5":[0,0],"6":[0],"7":[0,0],"8":[0],"9":[0,0],"10":[0],"11":[0],"12":[0],"13":[0],"14":[0,0],"15":[0,0],"16":[0,0],"17":[0,0],"18":[0,0],"19":[0,0],"20":[0,0],"21":[0,0],"22":[0,0],"23":[0,0],"24":[0]}}
,"C:\\Users\\bandujar\\GEI_adeptify\\backend\\src\\modules\\academic\\entities\\academic-progress.entity.ts": {"path":"C:\\Users\\bandujar\\GEI_adeptify\\backend\\src\\modules\\academic\\entities\\academic-progress.entity.ts","statementMap":{"0":{"start":{"line":1,"column":0},"end":{"line":1,"column":null}},"1":{"start":{"line":11,"column":0},"end":{"line":11,"column":56}},"2":{"start":{"line":13,"column":0},"end":{"line":13,"column":null}},"3":{"start":{"line":14,"column":2},"end":{"line":14,"column":null}},"4":{"start":{"line":15,"column":2},"end":{"line":15,"column":null}},"5":{"start":{"line":16,"column":2},"end":{"line":16,"column":null}},"6":{"start":{"line":17,"column":2},"end":{"line":17,"column":null}},"7":{"start":{"line":18,"column":2},"end":{"line":18,"column":null}},"8":{"start":{"line":19,"column":2},"end":{"line":19,"column":null}},"9":{"start":{"line":20,"column":2},"end":{"line":20,"column":null}},"10":{"start":{"line":21,"column":2},"end":{"line":21,"column":null}},"11":{"start":{"line":27,"column":7},"end":{"line":108,"column":null}},"12":{"start":{"line":92,"column":4},"end":{"line":92,"column":48}},"13":{"start":{"line":92,"column":39},"end":{"line":92,"column":48}},"14":{"start":{"line":93,"column":4},"end":{"line":93,"column":46}},"15":{"start":{"line":97,"column":23},"end":{"line":97,"column":38}},"16":{"start":{"line":98,"column":4},"end":{"line":98,"column":37}},"17":{"start":{"line":98,"column":26},"end":{"line":98,"column":37}},"18":{"start":{"line":99,"column":4},"end":{"line":99,"column":37}},"19":{"start":{"line":99,"column":26},"end":{"line":99,"column":37}},"20":{"start":{"line":100,"column":4},"end":{"line":100,"column":37}},"21":{"start":{"line":100,"column":26},"end":{"line":100,"column":37}},"22":{"start":{"line":101,"column":4},"end":{"line":101,"column":37}},"23":{"start":{"line":101,"column":26},"end":{"line":101,"column":37}},"24":{"start":{"line":102,"column":4},"end":{"line":102,"column":15}},"25":{"start":{"line":106,"column":4},"end":{"line":106,"column":33}},"26":{"start":{"line":27,"column":13},"end":{"line":27,"column":29}},"27":{"start":{"line":29,"column":2},"end":{"line":29,"column":null}},"28":{"start":{"line":32,"column":2},"end":{"line":32,"column":null}},"29":{"start":{"line":35,"column":2},"end":{"line":35,"column":null}},"30":{"start":{"line":38,"column":2},"end":{"line":38,"column":null}},"31":{"start":{"line":41,"column":2},"end":{"line":41,"column":null}},"32":{"start":{"line":44,"column":2},"end":{"line":44,"column":null}},"33":{"start":{"line":47,"column":2},"end":{"line":47,"column":null}},"34":{"start":{"line":50,"column":2},"end":{"line":50,"column":null}},"35":{"start":{"line":53,"column":2},"end":{"line":53,"column":null}},"36":{"start":{"line":56,"column":2},"end":{"line":56,"column":null}},"37":{"start":{"line":59,"column":2},"end":{"line":66,"column":null}},"38":{"start":{"line":69,"column":2},"end":{"line":77,"column":null}},"39":{"start":{"line":80,"column":2},"end":{"line":80,"column":null}},"40":{"start":{"line":83,"column":2},"end":{"line":83,"column":null}},"41":{"start":{"line":88,"column":2},"end":{"line":88,"column":null}},"42":{"start":{"line":86,"column":19},"end":{"line":86,"column":23}},"43":{"start":{"line":86,"column":33},"end":{"line":86,"column":40}},"44":{"start":{"line":27,"column":13},"end":{"line":108,"column":null}}},"fnMap":{"0":{"name":"(anonymous_2)","decl":{"start":{"line":13,"column":0},"end":{"line":13,"column":12}},"loc":{"start":{"line":13,"column":26},"end":{"line":22,"column":1}}},"1":{"name":"(anonymous_3)","decl":{"start":{"line":91,"column":2},"end":{"line":91,"column":6}},"loc":{"start":{"line":91,"column":16},"end":{"line":94,"column":3}}},"2":{"name":"(anonymous_4)","decl":{"start":{"line":96,"column":2},"end":{"line":96,"column":6}},"loc":{"start":{"line":96,"column":11},"end":{"line":103,"column":3}}},"3":{"name":"(anonymous_5)","decl":{"start":{"line":105,"column":2},"end":{"line":105,"column":6}},"loc":{"start":{"line":105,"column":15},"end":{"line":107,"column":3}}},"4":{"name":"(anonymous_6)","decl":{"start":{"line":86,"column":13},"end":{"line":86,"column":16}},"loc":{"start":{"line":86,"column":19},"end":{"line":86,"column":23}}},"5":{"name":"(anonymous_7)","decl":{"start":{"line":86,"column":25},"end":{"line":86,"column":29}},"loc":{"start":{"line":86,"column":33},"end":{"line":86,"column":40}}}},"branchMap":{"0":{"loc":{"start":{"line":13,"column":12},"end":{"line":13,"column":null}},"type":"binary-expr","locations":[{"start":{"line":13,"column":12},"end":{"line":13,"column":26}},{"start":{"line":13,"column":26},"end":{"line":13,"column":null}}]},"1":{"loc":{"start":{"line":92,"column":4},"end":{"line":92,"column":48}},"type":"if","locations":[{"start":{"line":92,"column":4},"end":{"line":92,"column":48}}]},"2":{"loc":{"start":{"line":92,"column":8},"end":{"line":92,"column":37}},"type":"binary-expr","locations":[{"start":{"line":92,"column":8},"end":{"line":92,"column":19}},{"start":{"line":92,"column":23},"end":{"line":92,"column":37}}]},"3":{"loc":{"start":{"line":98,"column":4},"end":{"line":98,"column":37}},"type":"if","locations":[{"start":{"line":98,"column":4},"end":{"line":98,"column":37}}]},"4":{"loc":{"start":{"line":99,"column":4},"end":{"line":99,"column":37}},"type":"if","locations":[{"start":{"line":99,"column":4},"end":{"line":99,"column":37}}]},"5":{"loc":{"start":{"line":100,"column":4},"end":{"line":100,"column":37}},"type":"if","locations":[{"start":{"line":100,"column":4},"end":{"line":100,"column":37}}]},"6":{"loc":{"start":{"line":101,"column":4},"end":{"line":101,"column":37}},"type":"if","locations":[{"start":{"line":101,"column":4},"end":{"line":101,"column":37}}]}},"s":{"0":0,"1":0,"2":0,"3":0,"4":0,"5":0,"6":0,"7":0,"8":0,"9":0,"10":0,"11":0,"12":0,"13":0,"14":0,"15":0,"16":0,"17":0,"18":0,"19":0,"20":0,"21":0,"22":0,"23":0,"24":0,"25":0,"26":0,"27":0,"28":0,"29":0,"30":0,"31":0,"32":0,"33":0,"34":0,"35":0,"36":0,"37":0,"38":0,"39":0,"40":0,"41":0,"42":0,"43":0,"44":0},"f":{"0":0,"1":0,"2":0,"3":0,"4":0,"5":0},"b":{"0":[0,0],"1":[0],"2":[0,0],"3":[0],"4":[0],"5":[0],"6":[0]}}
,"C:\\Users\\bandujar\\GEI_adeptify\\backend\\src\\modules\\ai\\ai.controller.ts": {"path":"C:\\Users\\bandujar\\GEI_adeptify\\backend\\src\\modules\\ai\\ai.controller.ts","statementMap":{"0":{"start":{"line":1,"column":0},"end":{"line":1,"column":81}},"1":{"start":{"line":2,"column":0},"end":{"line":2,"column":41}},"2":{"start":{"line":3,"column":0},"end":{"line":3,"column":61}},"3":{"start":{"line":4,"column":0},"end":{"line":4,"column":41}},"4":{"start":{"line":5,"column":0},"end":{"line":5,"column":51}},"5":{"start":{"line":9,"column":7},"end":{"line":82,"column":null}},"6":{"start":{"line":10,"column":31},"end":{"line":10,"column":42}},"7":{"start":{"line":14,"column":21},"end":{"line":16,"column":null}},"8":{"start":{"line":19,"column":4},"end":{"line":23,"column":6}},"9":{"start":{"line":28,"column":27},"end":{"line":30,"column":null}},"10":{"start":{"line":33,"column":4},"end":{"line":38,"column":6}},"11":{"start":{"line":43,"column":4},"end":{"line":80,"column":6}},"12":{"start":{"line":9,"column":13},"end":{"line":9,"column":25}},"13":{"start":{"line":13,"column":8},"end":{"line":24,"column":null}},"14":{"start":{"line":27,"column":8},"end":{"line":39,"column":null}},"15":{"start":{"line":42,"column":8},"end":{"line":81,"column":null}},"16":{"start":{"line":9,"column":13},"end":{"line":82,"column":null}}},"fnMap":{"0":{"name":"(anonymous_4)","decl":{"start":{"line":10,"column":2},"end":{"line":10,"column":31}},"loc":{"start":{"line":10,"column":51},"end":{"line":10,"column":55}}},"1":{"name":"(anonymous_5)","decl":{"start":{"line":13,"column":2},"end":{"line":13,"column":7}},"loc":{"start":{"line":13,"column":53},"end":{"line":24,"column":3}}},"2":{"name":"(anonymous_6)","decl":{"start":{"line":27,"column":2},"end":{"line":27,"column":7}},"loc":{"start":{"line":27,"column":52},"end":{"line":39,"column":3}}},"3":{"name":"(anonymous_7)","decl":{"start":{"line":42,"column":2},"end":{"line":42,"column":7}},"loc":{"start":{"line":42,"column":23},"end":{"line":81,"column":3}}}},"branchMap":{},"s":{"0":0,"1":0,"2":0,"3":0,"4":0,"5":0,"6":0,"7":0,"8":0,"9":0,"10":0,"11":0,"12":0,"13":0,"14":0,"15":0,"16":0},"f":{"0":0,"1":0,"2":0,"3":0},"b":{}}
,"C:\\Users\\bandujar\\GEI_adeptify\\backend\\src\\modules\\ai\\ai.module.ts": {"path":"C:\\Users\\bandujar\\GEI_adeptify\\backend\\src\\modules\\ai\\ai.module.ts","statementMap":{"0":{"start":{"line":1,"column":0},"end":{"line":1,"column":40}},"1":{"start":{"line":2,"column":0},"end":{"line":2,"column":47}},"2":{"start":{"line":3,"column":0},"end":{"line":3,"column":41}},"3":{"start":{"line":4,"column":0},"end":{"line":4,"column":48}},"4":{"start":{"line":5,"column":0},"end":{"line":5,"column":53}},"5":{"start":{"line":6,"column":0},"end":{"line":6,"column":65}},"6":{"start":{"line":7,"column":0},"end":{"line":7,"column":74}},"7":{"start":{"line":8,"column":0},"end":{"line":8,"column":81}},"8":{"start":{"line":9,"column":0},"end":{"line":9,"column":68}},"9":{"start":{"line":10,"column":0},"end":{"line":10,"column":78}},"10":{"start":{"line":11,"column":0},"end":{"line":11,"column":89}},"11":{"start":{"line":29,"column":7},"end":{"line":29,"column":null}},"12":{"start":{"line":29,"column":13},"end":{"line":29,"column":21}},"13":{"start":{"line":29,"column":13},"end":{"line":29,"column":null}}},"fnMap":{},"branchMap":{},"s":{"0":0,"1":0,"2":0,"3":0,"4":0,"5":0,"6":0,"7":0,"8":0,"9":0,"10":0,"11":0,"12":0,"13":0},"f":{},"b":{}}
,"C:\\Users\\bandujar\\GEI_adeptify\\backend\\src\\modules\\ai\\dto\\chat.dto.ts": {"path":"C:\\Users\\bandujar\\GEI_adeptify\\backend\\src\\modules\\ai\\dto\\chat.dto.ts","statementMap":{"0":{"start":{"line":1,"column":0},"end":{"line":1,"column":75}},"1":{"start":{"line":3,"column":0},"end":{"line":3,"column":13}},"2":{"start":{"line":6,"column":2},"end":{"line":6,"column":null}},"3":{"start":{"line":10,"column":2},"end":{"line":10,"column":null}}},"fnMap":{},"branchMap":{},"s":{"0":0,"1":0,"2":0,"3":0},"f":{},"b":{}}
,"C:\\Users\\bandujar\\GEI_adeptify\\backend\\src\\modules\\ai\\dto\\translate.dto.ts": {"path":"C:\\Users\\bandujar\\GEI_adeptify\\backend\\src\\modules\\ai\\dto\\translate.dto.ts","statementMap":{"0":{"start":{"line":1,"column":0},"end":{"line":1,"column":61}},"1":{"start":{"line":3,"column":0},"end":{"line":3,"column":13}},"2":{"start":{"line":6,"column":2},"end":{"line":6,"column":null}},"3":{"start":{"line":10,"column":2},"end":{"line":10,"column":null}}},"fnMap":{},"branchMap":{},"s":{"0":0,"1":0,"2":0,"3":0},"f":{},"b":{}}
,"C:\\Users\\bandujar\\GEI_adeptify\\backend\\src\\modules\\analytics\\analytics.module.ts": {"path":"C:\\Users\\bandujar\\GEI_adeptify\\backend\\src\\modules\\analytics\\analytics.module.ts","statementMap":{"0":{"start":{"line":1,"column":0},"end":{"line":1,"column":40}},"1":{"start":{"line":4,"column":7},"end":{"line":4,"column":null}},"2":{"start":{"line":4,"column":13},"end":{"line":4,"column":28}},"3":{"start":{"line":4,"column":13},"end":{"line":4,"column":null}}},"fnMap":{},"branchMap":{},"s":{"0":0,"1":0,"2":0,"3":0},"f":{},"b":{}}
,"C:\\Users\\bandujar\\GEI_adeptify\\backend\\src\\modules\\auth\\auth.controller.ts": {"path":"C:\\Users\\bandujar\\GEI_adeptify\\backend\\src\\modules\\auth\\auth.controller.ts","statementMap":{"0":{"start":{"line":1,"column":0},"end":{"line":1,"column":null}},"1":{"start":{"line":12,"column":0},"end":{"line":12,"column":45}},"2":{"start":{"line":13,"column":0},"end":{"line":13,"column":84}},"3":{"start":{"line":15,"column":0},"end":{"line":15,"column":45}},"4":{"start":{"line":16,"column":0},"end":{"line":16,"column":43}},"5":{"start":{"line":17,"column":0},"end":{"line":17,"column":49}},"6":{"start":{"line":22,"column":7},"end":{"line":138,"column":null}},"7":{"start":{"line":23,"column":31},"end":{"line":23,"column":44}},"8":{"start":{"line":31,"column":4},"end":{"line":31,"column":44}},"9":{"start":{"line":39,"column":4},"end":{"line":39,"column":50}},"10":{"start":{"line":54,"column":4},"end":{"line":54,"column":50}},"11":{"start":{"line":63,"column":4},"end":{"line":65,"column":5}},"12":{"start":{"line":64,"column":6},"end":{"line":64,"column":65}},"13":{"start":{"line":66,"column":4},"end":{"line":66,"column":60}},"14":{"start":{"line":79,"column":17},"end":{"line":79,"column":39}},"15":{"start":{"line":80,"column":4},"end":{"line":84,"column":6}},"16":{"start":{"line":92,"column":4},"end":{"line":94,"column":5}},"17":{"start":{"line":93,"column":6},"end":{"line":93,"column":54}},"18":{"start":{"line":95,"column":4},"end":{"line":95,"column":55}},"19":{"start":{"line":106,"column":4},"end":{"line":108,"column":5}},"20":{"start":{"line":107,"column":6},"end":{"line":107,"column":74}},"21":{"start":{"line":109,"column":4},"end":{"line":109,"column":72}},"22":{"start":{"line":119,"column":17},"end":{"line":119,"column":39}},"23":{"start":{"line":120,"column":4},"end":{"line":125,"column":6}},"24":{"start":{"line":136,"column":4},"end":{"line":136,"column":50}},"25":{"start":{"line":22,"column":13},"end":{"line":22,"column":27}},"26":{"start":{"line":30,"column":8},"end":{"line":32,"column":null}},"27":{"start":{"line":38,"column":8},"end":{"line":40,"column":null}},"28":{"start":{"line":45,"column":8},"end":{"line":47,"column":null}},"29":{"start":{"line":53,"column":8},"end":{"line":55,"column":null}},"30":{"start":{"line":62,"column":8},"end":{"line":67,"column":null}},"31":{"start":{"line":75,"column":8},"end":{"line":85,"column":null}},"32":{"start":{"line":91,"column":8},"end":{"line":96,"column":null}},"33":{"start":{"line":103,"column":8},"end":{"line":110,"column":null}},"34":{"start":{"line":118,"column":8},"end":{"line":126,"column":null}},"35":{"start":{"line":134,"column":8},"end":{"line":137,"column":null}},"36":{"start":{"line":22,"column":13},"end":{"line":138,"column":null}}},"fnMap":{"0":{"name":"(anonymous_4)","decl":{"start":{"line":23,"column":2},"end":{"line":23,"column":31}},"loc":{"start":{"line":23,"column":55},"end":{"line":23,"column":59}}},"1":{"name":"(anonymous_5)","decl":{"start":{"line":30,"column":2},"end":{"line":30,"column":7}},"loc":{"start":{"line":30,"column":40},"end":{"line":32,"column":3}}},"2":{"name":"(anonymous_6)","decl":{"start":{"line":38,"column":2},"end":{"line":38,"column":7}},"loc":{"start":{"line":38,"column":49},"end":{"line":40,"column":3}}},"3":{"name":"(anonymous_7)","decl":{"start":{"line":45,"column":2},"end":{"line":45,"column":7}},"loc":{"start":{"line":45,"column":18},"end":{"line":47,"column":3}}},"4":{"name":"(anonymous_8)","decl":{"start":{"line":53,"column":2},"end":{"line":53,"column":7}},"loc":{"start":{"line":53,"column":37},"end":{"line":55,"column":3}}},"5":{"name":"(anonymous_9)","decl":{"start":{"line":62,"column":2},"end":{"line":62,"column":7}},"loc":{"start":{"line":62,"column":59},"end":{"line":67,"column":3}}},"6":{"name":"(anonymous_10)","decl":{"start":{"line":75,"column":2},"end":{"line":75,"column":7}},"loc":{"start":{"line":77,"column":62},"end":{"line":85,"column":3}}},"7":{"name":"(anonymous_11)","decl":{"start":{"line":91,"column":2},"end":{"line":91,"column":7}},"loc":{"start":{"line":91,"column":54},"end":{"line":96,"column":3}}},"8":{"name":"(anonymous_12)","decl":{"start":{"line":103,"column":2},"end":{"line":103,"column":7}},"loc":{"start":{"line":104,"column":56},"end":{"line":110,"column":3}}},"9":{"name":"(anonymous_13)","decl":{"start":{"line":118,"column":2},"end":{"line":118,"column":7}},"loc":{"start":{"line":118,"column":29},"end":{"line":126,"column":3}}},"10":{"name":"(anonymous_14)","decl":{"start":{"line":134,"column":2},"end":{"line":134,"column":7}},"loc":{"start":{"line":134,"column":14},"end":{"line":137,"column":3}}}},"branchMap":{"0":{"loc":{"start":{"line":63,"column":4},"end":{"line":65,"column":5}},"type":"if","locations":[{"start":{"line":63,"column":4},"end":{"line":65,"column":5}}]},"1":{"loc":{"start":{"line":92,"column":4},"end":{"line":94,"column":5}},"type":"if","locations":[{"start":{"line":92,"column":4},"end":{"line":94,"column":5}}]},"2":{"loc":{"start":{"line":106,"column":4},"end":{"line":108,"column":5}},"type":"if","locations":[{"start":{"line":106,"column":4},"end":{"line":108,"column":5}}]},"3":{"loc":{"start":{"line":106,"column":8},"end":{"line":106,"column":40}},"type":"binary-expr","locations":[{"start":{"line":106,"column":8},"end":{"line":106,"column":19}},{"start":{"line":106,"column":23},"end":{"line":106,"column":40}}]}},"s":{"0":0,"1":0,"2":0,"3":0,"4":0,"5":0,"6":0,"7":0,"8":0,"9":0,"10":0,"11":0,"12":0,"13":0,"14":0,"15":0,"16":0,"17":0,"18":0,"19":0,"20":0,"21":0,"22":0,"23":0,"24":0,"25":0,"26":0,"27":0,"28":0,"29":0,"30":0,"31":0,"32":0,"33":0,"34":0,"35":0,"36":0},"f":{"0":0,"1":0,"2":0,"3":0,"4":0,"5":0,"6":0,"7":0,"8":0,"9":0,"10":0},"b":{"0":[0],"1":[0],"2":[0],"3":[0,0]}}
,"C:\\Users\\bandujar\\GEI_adeptify\\backend\\src\\modules\\auth\\auth.module.ts": {"path":"C:\\Users\\bandujar\\GEI_adeptify\\backend\\src\\modules\\auth\\auth.module.ts","statementMap":{"0":{"start":{"line":1,"column":0},"end":{"line":1,"column":40}},"1":{"start":{"line":2,"column":0},"end":{"line":2,"column":40}},"2":{"start":{"line":3,"column":0},"end":{"line":3,"column":50}},"3":{"start":{"line":4,"column":0},"end":{"line":4,"column":61}},"4":{"start":{"line":5,"column":0},"end":{"line":5,"column":48}},"5":{"start":{"line":7,"column":0},"end":{"line":7,"column":51}},"6":{"start":{"line":8,"column":0},"end":{"line":8,"column":45}},"7":{"start":{"line":9,"column":0},"end":{"line":9,"column":56}},"8":{"start":{"line":10,"column":0},"end":{"line":10,"column":62}},"9":{"start":{"line":11,"column":0},"end":{"line":11,"column":53}},"10":{"start":{"line":12,"column":0},"end":{"line":12,"column":52}},"11":{"start":{"line":34,"column":7},"end":{"line":34,"column":null}},"12":{"start":{"line":34,"column":13},"end":{"line":34,"column":23}},"13":{"start":{"line":34,"column":13},"end":{"line":34,"column":null}},"14":{"start":{"line":20,"column":59},"end":{"line":25,"column":8}}},"fnMap":{"0":{"name":"(anonymous_1)","decl":{"start":{"line":20,"column":18},"end":{"line":20,"column":23}},"loc":{"start":{"line":20,"column":59},"end":{"line":25,"column":8}}}},"branchMap":{},"s":{"0":0,"1":0,"2":0,"3":0,"4":0,"5":0,"6":0,"7":0,"8":0,"9":0,"10":0,"11":0,"12":0,"13":0,"14":0},"f":{"0":0},"b":{}}
,"C:\\Users\\bandujar\\GEI_adeptify\\backend\\src\\modules\\auth\\dto\\login.dto.ts": {"path":"C:\\Users\\bandujar\\GEI_adeptify\\backend\\src\\modules\\auth\\dto\\login.dto.ts","statementMap":{"0":{"start":{"line":1,"column":0},"end":{"line":1,"column":63}},"1":{"start":{"line":3,"column":0},"end":{"line":3,"column":13}},"2":{"start":{"line":5,"column":2},"end":{"line":5,"column":null}},"3":{"start":{"line":9,"column":2},"end":{"line":9,"column":null}}},"fnMap":{},"branchMap":{},"s":{"0":0,"1":0,"2":0,"3":0},"f":{},"b":{}}
,"C:\\Users\\bandujar\\GEI_adeptify\\backend\\src\\modules\\auth\\dto\\register.dto.ts": {"path":"C:\\Users\\bandujar\\GEI_adeptify\\backend\\src\\modules\\auth\\dto\\register.dto.ts","statementMap":{"0":{"start":{"line":1,"column":0},"end":{"line":1,"column":91}},"1":{"start":{"line":2,"column":0},"end":{"line":2,"column":60}},"2":{"start":{"line":4,"column":0},"end":{"line":4,"column":13}},"3":{"start":{"line":6,"column":2},"end":{"line":6,"column":null}},"4":{"start":{"line":10,"column":2},"end":{"line":10,"column":null}},"5":{"start":{"line":14,"column":2},"end":{"line":14,"column":null}},"6":{"start":{"line":18,"column":2},"end":{"line":18,"column":null}},"7":{"start":{"line":22,"column":2},"end":{"line":22,"column":null}},"8":{"start":{"line":25,"column":2},"end":{"line":25,"column":null}},"9":{"start":{"line":29,"column":2},"end":{"line":29,"column":null}}},"fnMap":{},"branchMap":{},"s":{"0":0,"1":0,"2":0,"3":0,"4":0,"5":0,"6":0,"7":0,"8":0,"9":0},"f":{},"b":{}}
,"C:\\Users\\bandujar\\GEI_adeptify\\backend\\src\\modules\\auth\\guards\\jwt-auth.guard.ts": {"path":"C:\\Users\\bandujar\\GEI_adeptify\\backend\\src\\modules\\auth\\guards\\jwt-auth.guard.ts","statementMap":{"0":{"start":{"line":1,"column":0},"end":{"line":1,"column":62}},"1":{"start":{"line":2,"column":0},"end":{"line":2,"column":45}},"2":{"start":{"line":5,"column":7},"end":{"line":9,"column":null}},"3":{"start":{"line":7,"column":4},"end":{"line":7,"column":38}},"4":{"start":{"line":5,"column":13},"end":{"line":5,"column":25}},"5":{"start":{"line":5,"column":13},"end":{"line":9,"column":null}}},"fnMap":{"0":{"name":"(anonymous_1)","decl":{"start":{"line":6,"column":2},"end":{"line":6,"column":13}},"loc":{"start":{"line":6,"column":39},"end":{"line":8,"column":3}}}},"branchMap":{},"s":{"0":0,"1":0,"2":0,"3":0,"4":0,"5":0},"f":{"0":0},"b":{}}
,"C:\\Users\\bandujar\\GEI_adeptify\\backend\\src\\modules\\auth\\strategies\\google.strategy.ts": {"path":"C:\\Users\\bandujar\\GEI_adeptify\\backend\\src\\modules\\auth\\strategies\\google.strategy.ts","statementMap":{"0":{"start":{"line":1,"column":0},"end":{"line":1,"column":44}},"1":{"start":{"line":2,"column":0},"end":{"line":2,"column":52}},"2":{"start":{"line":3,"column":0},"end":{"line":3,"column":67}},"3":{"start":{"line":4,"column":0},"end":{"line":4,"column":47}},"4":{"start":{"line":7,"column":7},"end":{"line":33,"column":null}},"5":{"start":{"line":9,"column":4},"end":{"line":14,"column":7}},"6":{"start":{"line":8,"column":22},"end":{"line":8,"column":37}},"7":{"start":{"line":23,"column":37},"end":{"line":23,"column":44}},"8":{"start":{"line":24,"column":17},"end":{"line":30,"column":6}},"9":{"start":{"line":31,"column":4},"end":{"line":31,"column":21}},"10":{"start":{"line":7,"column":13},"end":{"line":7,"column":27}},"11":{"start":{"line":7,"column":13},"end":{"line":33,"column":null}}},"fnMap":{"0":{"name":"(anonymous_2)","decl":{"start":{"line":8,"column":2},"end":{"line":8,"column":22}},"loc":{"start":{"line":8,"column":50},"end":{"line":15,"column":3}}},"1":{"name":"(anonymous_3)","decl":{"start":{"line":17,"column":2},"end":{"line":17,"column":7}},"loc":{"start":{"line":21,"column":24},"end":{"line":32,"column":3}}}},"branchMap":{},"s":{"0":0,"1":0,"2":0,"3":0,"4":0,"5":0,"6":0,"7":0,"8":0,"9":0,"10":0,"11":0},"f":{"0":0,"1":0},"b":{}}
,"C:\\Users\\bandujar\\GEI_adeptify\\backend\\src\\modules\\auth\\strategies\\jwt.strategy.ts": {"path":"C:\\Users\\bandujar\\GEI_adeptify\\backend\\src\\modules\\auth\\strategies\\jwt.strategy.ts","statementMap":{"0":{"start":{"line":1,"column":0},"end":{"line":1,"column":67}},"1":{"start":{"line":2,"column":0},"end":{"line":2,"column":52}},"2":{"start":{"line":3,"column":0},"end":{"line":3,"column":52}},"3":{"start":{"line":4,"column":0},"end":{"line":4,"column":47}},"4":{"start":{"line":5,"column":0},"end":{"line":5,"column":51}},"5":{"start":{"line":6,"column":0},"end":{"line":6,"column":37}},"6":{"start":{"line":8,"column":0},"end":{"line":8,"column":68}},"7":{"start":{"line":12,"column":7},"end":{"line":53,"column":null}},"8":{"start":{"line":18,"column":4},"end":{"line":22,"column":7}},"9":{"start":{"line":14,"column":12},"end":{"line":14,"column":27}},"10":{"start":{"line":16,"column":12},"end":{"line":16,"column":28}},"11":{"start":{"line":26,"column":35},"end":{"line":26,"column":42}},"12":{"start":{"line":28,"column":17},"end":{"line":30,"column":6}},"13":{"start":{"line":32,"column":4},"end":{"line":34,"column":5}},"14":{"start":{"line":33,"column":6},"end":{"line":33,"column":58}},"15":{"start":{"line":36,"column":4},"end":{"line":38,"column":5}},"16":{"start":{"line":37,"column":6},"end":{"line":37,"column":57}},"17":{"start":{"line":40,"column":4},"end":{"line":42,"column":5}},"18":{"start":{"line":41,"column":6},"end":{"line":41,"column":55}},"19":{"start":{"line":44,"column":4},"end":{"line":51,"column":6}},"20":{"start":{"line":12,"column":13},"end":{"line":12,"column":24}},"21":{"start":{"line":12,"column":13},"end":{"line":53,"column":null}}},"fnMap":{"0":{"name":"(anonymous_4)","decl":{"start":{"line":13,"column":2},"end":{"line":13,"column":null}},"loc":{"start":{"line":16,"column":44},"end":{"line":23,"column":3}}},"1":{"name":"(anonymous_5)","decl":{"start":{"line":25,"column":2},"end":{"line":25,"column":7}},"loc":{"start":{"line":25,"column":36},"end":{"line":52,"column":3}}}},"branchMap":{"0":{"loc":{"start":{"line":32,"column":4},"end":{"line":34,"column":5}},"type":"if","locations":[{"start":{"line":32,"column":4},"end":{"line":34,"column":5}}]},"1":{"loc":{"start":{"line":36,"column":4},"end":{"line":38,"column":5}},"type":"if","locations":[{"start":{"line":36,"column":4},"end":{"line":38,"column":5}}]},"2":{"loc":{"start":{"line":40,"column":4},"end":{"line":42,"column":5}},"type":"if","locations":[{"start":{"line":40,"column":4},"end":{"line":42,"column":5}}]}},"s":{"0":0,"1":0,"2":0,"3":0,"4":0,"5":0,"6":0,"7":0,"8":0,"9":0,"10":0,"11":0,"12":0,"13":0,"14":0,"15":0,"16":0,"17":0,"18":0,"19":0,"20":0,"21":0},"f":{"0":0,"1":0},"b":{"0":[0],"1":[0],"2":[0]}}
,"C:\\Users\\bandujar\\GEI_adeptify\\backend\\src\\modules\\communications\\communications.controller.ts": {"path":"C:\\Users\\bandujar\\GEI_adeptify\\backend\\src\\modules\\communications\\communications.controller.ts","statementMap":{"0":{"start":{"line":1,"column":0},"end":{"line":1,"column":95}},"1":{"start":{"line":2,"column":0},"end":{"line":2,"column":65}},"2":{"start":{"line":3,"column":0},"end":{"line":3,"column":61}},"3":{"start":{"line":8,"column":7},"end":{"line":66,"column":null}},"4":{"start":{"line":9,"column":31},"end":{"line":9,"column":54}},"5":{"start":{"line":18,"column":4},"end":{"line":24,"column":6}},"6":{"start":{"line":29,"column":4},"end":{"line":29,"column":81}},"7":{"start":{"line":34,"column":4},"end":{"line":34,"column":75}},"8":{"start":{"line":39,"column":4},"end":{"line":39,"column":80}},"9":{"start":{"line":44,"column":4},"end":{"line":44,"column":87}},"10":{"start":{"line":49,"column":4},"end":{"line":49,"column":90}},"11":{"start":{"line":54,"column":4},"end":{"line":54,"column":80}},"12":{"start":{"line":59,"column":4},"end":{"line":59,"column":85}},"13":{"start":{"line":64,"column":4},"end":{"line":64,"column":84}},"14":{"start":{"line":8,"column":13},"end":{"line":8,"column":37}},"15":{"start":{"line":12,"column":8},"end":{"line":25,"column":null}},"16":{"start":{"line":28,"column":8},"end":{"line":30,"column":null}},"17":{"start":{"line":33,"column":8},"end":{"line":35,"column":null}},"18":{"start":{"line":38,"column":8},"end":{"line":40,"column":null}},"19":{"start":{"line":43,"column":8},"end":{"line":45,"column":null}},"20":{"start":{"line":48,"column":8},"end":{"line":50,"column":null}},"21":{"start":{"line":53,"column":8},"end":{"line":55,"column":null}},"22":{"start":{"line":58,"column":8},"end":{"line":60,"column":null}},"23":{"start":{"line":63,"column":8},"end":{"line":65,"column":null}},"24":{"start":{"line":8,"column":13},"end":{"line":66,"column":null}}},"fnMap":{"0":{"name":"(anonymous_4)","decl":{"start":{"line":9,"column":2},"end":{"line":9,"column":31}},"loc":{"start":{"line":9,"column":75},"end":{"line":9,"column":79}}},"1":{"name":"(anonymous_5)","decl":{"start":{"line":12,"column":2},"end":{"line":12,"column":7}},"loc":{"start":{"line":17,"column":3},"end":{"line":25,"column":3}}},"2":{"name":"(anonymous_6)","decl":{"start":{"line":28,"column":2},"end":{"line":28,"column":7}},"loc":{"start":{"line":28,"column":68},"end":{"line":30,"column":3}}},"3":{"name":"(anonymous_7)","decl":{"start":{"line":33,"column":2},"end":{"line":33,"column":7}},"loc":{"start":{"line":33,"column":40},"end":{"line":35,"column":3}}},"4":{"name":"(anonymous_8)","decl":{"start":{"line":38,"column":2},"end":{"line":38,"column":7}},"loc":{"start":{"line":38,"column":65},"end":{"line":40,"column":3}}},"5":{"name":"(anonymous_9)","decl":{"start":{"line":43,"column":2},"end":{"line":43,"column":7}},"loc":{"start":{"line":43,"column":90},"end":{"line":45,"column":3}}},"6":{"name":"(anonymous_10)","decl":{"start":{"line":48,"column":2},"end":{"line":48,"column":7}},"loc":{"start":{"line":48,"column":73},"end":{"line":50,"column":3}}},"7":{"name":"(anonymous_11)","decl":{"start":{"line":53,"column":2},"end":{"line":53,"column":7}},"loc":{"start":{"line":53,"column":45},"end":{"line":55,"column":3}}},"8":{"name":"(anonymous_12)","decl":{"start":{"line":58,"column":2},"end":{"line":58,"column":7}},"loc":{"start":{"line":58,"column":70},"end":{"line":60,"column":3}}},"9":{"name":"(anonymous_13)","decl":{"start":{"line":63,"column":2},"end":{"line":63,"column":7}},"loc":{"start":{"line":63,"column":49},"end":{"line":65,"column":3}}}},"branchMap":{},"s":{"0":0,"1":0,"2":0,"3":0,"4":0,"5":0,"6":0,"7":0,"8":0,"9":0,"10":0,"11":0,"12":0,"13":0,"14":0,"15":0,"16":0,"17":0,"18":0,"19":0,"20":0,"21":0,"22":0,"23":0,"24":0},"f":{"0":0,"1":0,"2":0,"3":0,"4":0,"5":0,"6":0,"7":0,"8":0,"9":0},"b":{}}
,"C:\\Users\\bandujar\\GEI_adeptify\\backend\\src\\modules\\communications\\communications.module.ts": {"path":"C:\\Users\\bandujar\\GEI_adeptify\\backend\\src\\modules\\communications\\communications.module.ts","statementMap":{"0":{"start":{"line":1,"column":0},"end":{"line":1,"column":40}},"1":{"start":{"line":2,"column":0},"end":{"line":2,"column":48}},"2":{"start":{"line":3,"column":0},"end":{"line":3,"column":71}},"3":{"start":{"line":4,"column":0},"end":{"line":4,"column":65}},"4":{"start":{"line":5,"column":0},"end":{"line":5,"column":52}},"5":{"start":{"line":6,"column":0},"end":{"line":6,"column":62}},"6":{"start":{"line":7,"column":0},"end":{"line":7,"column":53}},"7":{"start":{"line":8,"column":0},"end":{"line":8,"column":43}},"8":{"start":{"line":19,"column":7},"end":{"line":19,"column":null}},"9":{"start":{"line":19,"column":13},"end":{"line":19,"column":33}},"10":{"start":{"line":19,"column":13},"end":{"line":19,"column":null}}},"fnMap":{},"branchMap":{},"s":{"0":0,"1":0,"2":0,"3":0,"4":0,"5":0,"6":0,"7":0,"8":0,"9":0,"10":0},"f":{},"b":{}}
,"C:\\Users\\bandujar\\GEI_adeptify\\backend\\src\\modules\\communications\\communications.service.ts": {"path":"C:\\Users\\bandujar\\GEI_adeptify\\backend\\src\\modules\\communications\\communications.service.ts","statementMap":{"0":{"start":{"line":1,"column":0},"end":{"line":1,"column":44}},"1":{"start":{"line":2,"column":0},"end":{"line":2,"column":51}},"2":{"start":{"line":3,"column":0},"end":{"line":3,"column":37}},"3":{"start":{"line":4,"column":0},"end":{"line":4,"column":82}},"4":{"start":{"line":5,"column":0},"end":{"line":5,"column":80}},"5":{"start":{"line":6,"column":0},"end":{"line":6,"column":53}},"6":{"start":{"line":7,"column":0},"end":{"line":7,"column":45}},"7":{"start":{"line":10,"column":7},"end":{"line":147,"column":null}},"8":{"start":{"line":13,"column":12},"end":{"line":13,"column":31}},"9":{"start":{"line":15,"column":12},"end":{"line":15,"column":36}},"10":{"start":{"line":17,"column":12},"end":{"line":17,"column":28}},"11":{"start":{"line":18,"column":12},"end":{"line":18,"column":23}},"12":{"start":{"line":22,"column":20},"end":{"line":29,"column":6}},"13":{"start":{"line":31,"column":25},"end":{"line":31,"column":67}},"14":{"start":{"line":34,"column":4},"end":{"line":40,"column":7}},"15":{"start":{"line":42,"column":4},"end":{"line":42,"column":24}},"16":{"start":{"line":46,"column":4},"end":{"line":54,"column":7}},"17":{"start":{"line":58,"column":4},"end":{"line":62,"column":7}},"18":{"start":{"line":66,"column":20},"end":{"line":68,"column":6}},"19":{"start":{"line":70,"column":4},"end":{"line":73,"column":5}},"20":{"start":{"line":71,"column":6},"end":{"line":71,"column":28}},"21":{"start":{"line":72,"column":6},"end":{"line":72,"column":56}},"22":{"start":{"line":75,"column":4},"end":{"line":75,"column":19}},"23":{"start":{"line":79,"column":20},"end":{"line":81,"column":6}},"24":{"start":{"line":83,"column":4},"end":{"line":92,"column":5}},"25":{"start":{"line":84,"column":29},"end":{"line":84,"column":99}},"26":{"start":{"line":86,"column":6},"end":{"line":89,"column":8}},"27":{"start":{"line":91,"column":6},"end":{"line":91,"column":56}},"28":{"start":{"line":94,"column":4},"end":{"line":94,"column":19}},"29":{"start":{"line":104,"column":25},"end":{"line":107,"column":6}},"30":{"start":{"line":109,"column":4},"end":{"line":109,"column":64}},"31":{"start":{"line":113,"column":4},"end":{"line":117,"column":7}},"32":{"start":{"line":121,"column":4},"end":{"line":124,"column":7}},"33":{"start":{"line":128,"column":25},"end":{"line":130,"column":6}},"34":{"start":{"line":132,"column":4},"end":{"line":136,"column":5}},"35":{"start":{"line":133,"column":6},"end":{"line":133,"column":33}},"36":{"start":{"line":134,"column":6},"end":{"line":134,"column":39}},"37":{"start":{"line":135,"column":6},"end":{"line":135,"column":66}},"38":{"start":{"line":138,"column":4},"end":{"line":138,"column":24}},"39":{"start":{"line":142,"column":4},"end":{"line":145,"column":6}},"40":{"start":{"line":10,"column":13},"end":{"line":10,"column":34}},"41":{"start":{"line":10,"column":13},"end":{"line":147,"column":null}}},"fnMap":{"0":{"name":"(anonymous_4)","decl":{"start":{"line":11,"column":2},"end":{"line":11,"column":null}},"loc":{"start":{"line":18,"column":32},"end":{"line":19,"column":6}}},"1":{"name":"(anonymous_5)","decl":{"start":{"line":21,"column":2},"end":{"line":21,"column":7}},"loc":{"start":{"line":21,"column":131},"end":{"line":43,"column":3}}},"2":{"name":"(anonymous_6)","decl":{"start":{"line":45,"column":2},"end":{"line":45,"column":7}},"loc":{"start":{"line":45,"column":54},"end":{"line":55,"column":3}}},"3":{"name":"(anonymous_7)","decl":{"start":{"line":57,"column":2},"end":{"line":57,"column":7}},"loc":{"start":{"line":57,"column":40},"end":{"line":63,"column":3}}},"4":{"name":"(anonymous_8)","decl":{"start":{"line":65,"column":2},"end":{"line":65,"column":7}},"loc":{"start":{"line":65,"column":59},"end":{"line":76,"column":3}}},"5":{"name":"(anonymous_9)","decl":{"start":{"line":78,"column":2},"end":{"line":78,"column":7}},"loc":{"start":{"line":78,"column":66},"end":{"line":95,"column":3}}},"6":{"name":"(anonymous_10)","decl":{"start":{"line":97,"column":2},"end":{"line":97,"column":7}},"loc":{"start":{"line":103,"column":3},"end":{"line":110,"column":3}}},"7":{"name":"(anonymous_11)","decl":{"start":{"line":112,"column":2},"end":{"line":112,"column":7}},"loc":{"start":{"line":112,"column":63},"end":{"line":118,"column":3}}},"8":{"name":"(anonymous_12)","decl":{"start":{"line":120,"column":2},"end":{"line":120,"column":7}},"loc":{"start":{"line":120,"column":45},"end":{"line":125,"column":3}}},"9":{"name":"(anonymous_13)","decl":{"start":{"line":127,"column":2},"end":{"line":127,"column":7}},"loc":{"start":{"line":127,"column":69},"end":{"line":139,"column":3}}},"10":{"name":"(anonymous_14)","decl":{"start":{"line":141,"column":2},"end":{"line":141,"column":7}},"loc":{"start":{"line":141,"column":49},"end":{"line":146,"column":3}}}},"branchMap":{"0":{"loc":{"start":{"line":21,"column":93},"end":{"line":21,"column":131}},"type":"default-arg","locations":[{"start":{"line":21,"column":113},"end":{"line":21,"column":131}}]},"1":{"loc":{"start":{"line":28,"column":16},"end":{"line":28,"column":91}},"type":"cond-expr","locations":[{"start":{"line":28,"column":46},"end":{"line":28,"column":66}},{"start":{"line":28,"column":69},"end":{"line":28,"column":91}}]},"2":{"loc":{"start":{"line":35,"column":28},"end":{"line":35,"column":57}},"type":"cond-expr","locations":[{"start":{"line":35,"column":38},"end":{"line":35,"column":52}},{"start":{"line":35,"column":55},"end":{"line":35,"column":57}}]},"3":{"loc":{"start":{"line":36,"column":44},"end":{"line":36,"column":77}},"type":"cond-expr","locations":[{"start":{"line":36,"column":67},"end":{"line":36,"column":72}},{"start":{"line":36,"column":75},"end":{"line":36,"column":77}}]},"4":{"loc":{"start":{"line":45,"column":36},"end":{"line":45,"column":54}},"type":"default-arg","locations":[{"start":{"line":45,"column":52},"end":{"line":45,"column":54}}]},"5":{"loc":{"start":{"line":70,"column":4},"end":{"line":73,"column":5}},"type":"if","locations":[{"start":{"line":70,"column":4},"end":{"line":73,"column":5}}]},"6":{"loc":{"start":{"line":83,"column":4},"end":{"line":92,"column":5}},"type":"if","locations":[{"start":{"line":83,"column":4},"end":{"line":92,"column":5}}]},"7":{"loc":{"start":{"line":83,"column":8},"end":{"line":83,"column":63}},"type":"binary-expr","locations":[{"start":{"line":83,"column":8},"end":{"line":83,"column":15}},{"start":{"line":83,"column":19},"end":{"line":83,"column":63}}]},"8":{"loc":{"start":{"line":112,"column":45},"end":{"line":112,"column":63}},"type":"default-arg","locations":[{"start":{"line":112,"column":61},"end":{"line":112,"column":63}}]},"9":{"loc":{"start":{"line":132,"column":4},"end":{"line":136,"column":5}},"type":"if","locations":[{"start":{"line":132,"column":4},"end":{"line":136,"column":5}}]}},"s":{"0":0,"1":0,"2":0,"3":0,"4":0,"5":0,"6":0,"7":0,"8":0,"9":0,"10":0,"11":0,"12":0,"13":0,"14":0,"15":0,"16":0,"17":0,"18":0,"19":0,"20":0,"21":0,"22":0,"23":0,"24":0,"25":0,"26":0,"27":0,"28":0,"29":0,"30":0,"31":0,"32":0,"33":0,"34":0,"35":0,"36":0,"37":0,"38":0,"39":0,"40":0,"41":0},"f":{"0":0,"1":0,"2":0,"3":0,"4":0,"5":0,"6":0,"7":0,"8":0,"9":0,"10":0},"b":{"0":[0],"1":[0,0],"2":[0,0],"3":[0,0],"4":[0],"5":[0],"6":[0],"7":[0,0],"8":[0],"9":[0]}}
,"C:\\Users\\bandujar\\GEI_adeptify\\backend\\src\\modules\\communications\\entities\\message.entity.ts": {"path":"C:\\Users\\bandujar\\GEI_adeptify\\backend\\src\\modules\\communications\\entities\\message.entity.ts","statementMap":{"0":{"start":{"line":1,"column":0},"end":{"line":1,"column":null}},"1":{"start":{"line":11,"column":0},"end":{"line":11,"column":56}},"2":{"start":{"line":13,"column":0},"end":{"line":13,"column":null}},"3":{"start":{"line":14,"column":2},"end":{"line":14,"column":null}},"4":{"start":{"line":15,"column":2},"end":{"line":15,"column":null}},"5":{"start":{"line":16,"column":2},"end":{"line":16,"column":null}},"6":{"start":{"line":17,"column":2},"end":{"line":17,"column":null}},"7":{"start":{"line":20,"column":0},"end":{"line":20,"column":null}},"8":{"start":{"line":21,"column":2},"end":{"line":21,"column":null}},"9":{"start":{"line":22,"column":2},"end":{"line":22,"column":null}},"10":{"start":{"line":23,"column":2},"end":{"line":23,"column":null}},"11":{"start":{"line":24,"column":2},"end":{"line":24,"column":null}},"12":{"start":{"line":30,"column":7},"end":{"line":97,"column":null}},"13":{"start":{"line":30,"column":13},"end":{"line":30,"column":20}},"14":{"start":{"line":32,"column":2},"end":{"line":32,"column":null}},"15":{"start":{"line":35,"column":2},"end":{"line":35,"column":null}},"16":{"start":{"line":38,"column":2},"end":{"line":38,"column":null}},"17":{"start":{"line":41,"column":2},"end":{"line":41,"column":null}},"18":{"start":{"line":44,"column":2},"end":{"line":44,"column":null}},"19":{"start":{"line":47,"column":2},"end":{"line":47,"column":null}},"20":{"start":{"line":50,"column":2},"end":{"line":50,"column":null}},"21":{"start":{"line":53,"column":2},"end":{"line":53,"column":null}},"22":{"start":{"line":56,"column":2},"end":{"line":56,"column":null}},"23":{"start":{"line":59,"column":2},"end":{"line":64,"column":null}},"24":{"start":{"line":67,"column":2},"end":{"line":69,"column":null}},"25":{"start":{"line":72,"column":2},"end":{"line":77,"column":null}},"26":{"start":{"line":80,"column":2},"end":{"line":80,"column":null}},"27":{"start":{"line":83,"column":2},"end":{"line":83,"column":null}},"28":{"start":{"line":88,"column":2},"end":{"line":88,"column":null}},"29":{"start":{"line":86,"column":19},"end":{"line":86,"column":23}},"30":{"start":{"line":86,"column":33},"end":{"line":86,"column":40}},"31":{"start":{"line":92,"column":2},"end":{"line":92,"column":null}},"32":{"start":{"line":90,"column":19},"end":{"line":90,"column":23}},"33":{"start":{"line":90,"column":33},"end":{"line":90,"column":40}},"34":{"start":{"line":96,"column":2},"end":{"line":96,"column":null}},"35":{"start":{"line":94,"column":19},"end":{"line":94,"column":26}},"36":{"start":{"line":94,"column":39},"end":{"line":94,"column":49}},"37":{"start":{"line":30,"column":13},"end":{"line":97,"column":null}}},"fnMap":{"0":{"name":"(anonymous_2)","decl":{"start":{"line":13,"column":0},"end":{"line":13,"column":12}},"loc":{"start":{"line":13,"column":23},"end":{"line":18,"column":1}}},"1":{"name":"(anonymous_3)","decl":{"start":{"line":20,"column":0},"end":{"line":20,"column":12}},"loc":{"start":{"line":20,"column":27},"end":{"line":25,"column":1}}},"2":{"name":"(anonymous_4)","decl":{"start":{"line":86,"column":13},"end":{"line":86,"column":16}},"loc":{"start":{"line":86,"column":19},"end":{"line":86,"column":23}}},"3":{"name":"(anonymous_5)","decl":{"start":{"line":86,"column":25},"end":{"line":86,"column":29}},"loc":{"start":{"line":86,"column":33},"end":{"line":86,"column":40}}},"4":{"name":"(anonymous_6)","decl":{"start":{"line":90,"column":13},"end":{"line":90,"column":16}},"loc":{"start":{"line":90,"column":19},"end":{"line":90,"column":23}}},"5":{"name":"(anonymous_7)","decl":{"start":{"line":90,"column":25},"end":{"line":90,"column":29}},"loc":{"start":{"line":90,"column":33},"end":{"line":90,"column":40}}},"6":{"name":"(anonymous_8)","decl":{"start":{"line":94,"column":13},"end":{"line":94,"column":16}},"loc":{"start":{"line":94,"column":19},"end":{"line":94,"column":26}}},"7":{"name":"(anonymous_9)","decl":{"start":{"line":94,"column":28},"end":{"line":94,"column":35}},"loc":{"start":{"line":94,"column":39},"end":{"line":94,"column":49}}}},"branchMap":{"0":{"loc":{"start":{"line":13,"column":12},"end":{"line":13,"column":null}},"type":"binary-expr","locations":[{"start":{"line":13,"column":12},"end":{"line":13,"column":23}},{"start":{"line":13,"column":23},"end":{"line":13,"column":null}}]},"1":{"loc":{"start":{"line":20,"column":12},"end":{"line":20,"column":null}},"type":"binary-expr","locations":[{"start":{"line":20,"column":12},"end":{"line":20,"column":27}},{"start":{"line":20,"column":27},"end":{"line":20,"column":null}}]}},"s":{"0":0,"1":0,"2":0,"3":0,"4":0,"5":0,"6":0,"7":0,"8":0,"9":0,"10":0,"11":0,"12":0,"13":0,"14":0,"15":0,"16":0,"17":0,"18":0,"19":0,"20":0,"21":0,"22":0,"23":0,"24":0,"25":0,"26":0,"27":0,"28":0,"29":0,"30":0,"31":0,"32":0,"33":0,"34":0,"35":0,"36":0,"37":0},"f":{"0":0,"1":0,"2":0,"3":0,"4":0,"5":0,"6":0,"7":0},"b":{"0":[0,0],"1":[0,0]}}
,"C:\\Users\\bandujar\\GEI_adeptify\\backend\\src\\modules\\communications\\entities\\notification.entity.ts": {"path":"C:\\Users\\bandujar\\GEI_adeptify\\backend\\src\\modules\\communications\\entities\\notification.entity.ts","statementMap":{"0":{"start":{"line":1,"column":0},"end":{"line":1,"column":null}},"1":{"start":{"line":11,"column":0},"end":{"line":11,"column":56}},"2":{"start":{"line":13,"column":0},"end":{"line":13,"column":null}},"3":{"start":{"line":14,"column":2},"end":{"line":14,"column":null}},"4":{"start":{"line":15,"column":2},"end":{"line":15,"column":null}},"5":{"start":{"line":16,"column":2},"end":{"line":16,"column":null}},"6":{"start":{"line":17,"column":2},"end":{"line":17,"column":null}},"7":{"start":{"line":18,"column":2},"end":{"line":18,"column":null}},"8":{"start":{"line":19,"column":2},"end":{"line":19,"column":null}},"9":{"start":{"line":20,"column":2},"end":{"line":20,"column":null}},"10":{"start":{"line":21,"column":2},"end":{"line":21,"column":null}},"11":{"start":{"line":27,"column":7},"end":{"line":76,"column":null}},"12":{"start":{"line":27,"column":13},"end":{"line":27,"column":25}},"13":{"start":{"line":29,"column":2},"end":{"line":29,"column":null}},"14":{"start":{"line":32,"column":2},"end":{"line":32,"column":null}},"15":{"start":{"line":35,"column":2},"end":{"line":35,"column":null}},"16":{"start":{"line":38,"column":2},"end":{"line":38,"column":null}},"17":{"start":{"line":41,"column":2},"end":{"line":41,"column":null}},"18":{"start":{"line":44,"column":2},"end":{"line":44,"column":null}},"19":{"start":{"line":47,"column":2},"end":{"line":47,"column":null}},"20":{"start":{"line":50,"column":2},"end":{"line":58,"column":null}},"21":{"start":{"line":61,"column":2},"end":{"line":61,"column":null}},"22":{"start":{"line":64,"column":2},"end":{"line":64,"column":null}},"23":{"start":{"line":67,"column":2},"end":{"line":67,"column":null}},"24":{"start":{"line":70,"column":2},"end":{"line":70,"column":null}},"25":{"start":{"line":75,"column":2},"end":{"line":75,"column":null}},"26":{"start":{"line":73,"column":19},"end":{"line":73,"column":23}},"27":{"start":{"line":73,"column":33},"end":{"line":73,"column":40}},"28":{"start":{"line":27,"column":13},"end":{"line":76,"column":null}}},"fnMap":{"0":{"name":"(anonymous_2)","decl":{"start":{"line":13,"column":0},"end":{"line":13,"column":12}},"loc":{"start":{"line":13,"column":28},"end":{"line":22,"column":1}}},"1":{"name":"(anonymous_3)","decl":{"start":{"line":73,"column":13},"end":{"line":73,"column":16}},"loc":{"start":{"line":73,"column":19},"end":{"line":73,"column":23}}},"2":{"name":"(anonymous_4)","decl":{"start":{"line":73,"column":25},"end":{"line":73,"column":29}},"loc":{"start":{"line":73,"column":33},"end":{"line":73,"column":40}}}},"branchMap":{"0":{"loc":{"start":{"line":13,"column":12},"end":{"line":13,"column":null}},"type":"binary-expr","locations":[{"start":{"line":13,"column":12},"end":{"line":13,"column":28}},{"start":{"line":13,"column":28},"end":{"line":13,"column":null}}]}},"s":{"0":0,"1":0,"2":0,"3":0,"4":0,"5":0,"6":0,"7":0,"8":0,"9":0,"10":0,"11":0,"12":0,"13":0,"14":0,"15":0,"16":0,"17":0,"18":0,"19":0,"20":0,"21":0,"22":0,"23":0,"24":0,"25":0,"26":0,"27":0,"28":0},"f":{"0":0,"1":0,"2":0},"b":{"0":[0,0]}}
,"C:\\Users\\bandujar\\GEI_adeptify\\backend\\src\\modules\\gamification\\gamification.controller.ts": {"path":"C:\\Users\\bandujar\\GEI_adeptify\\backend\\src\\modules\\gamification\\gamification.controller.ts","statementMap":{"0":{"start":{"line":1,"column":0},"end":{"line":1,"column":88}},"1":{"start":{"line":2,"column":0},"end":{"line":2,"column":61}},"2":{"start":{"line":3,"column":0},"end":{"line":3,"column":61}},"3":{"start":{"line":7,"column":7},"end":{"line":34,"column":null}},"4":{"start":{"line":8,"column":31},"end":{"line":8,"column":52}},"5":{"start":{"line":12,"column":4},"end":{"line":12,"column":69}},"6":{"start":{"line":17,"column":4},"end":{"line":17,"column":88}},"7":{"start":{"line":22,"column":4},"end":{"line":22,"column":91}},"8":{"start":{"line":27,"column":4},"end":{"line":27,"column":80}},"9":{"start":{"line":32,"column":4},"end":{"line":32,"column":92}},"10":{"start":{"line":7,"column":13},"end":{"line":7,"column":35}},"11":{"start":{"line":11,"column":8},"end":{"line":13,"column":null}},"12":{"start":{"line":16,"column":8},"end":{"line":18,"column":null}},"13":{"start":{"line":21,"column":8},"end":{"line":23,"column":null}},"14":{"start":{"line":26,"column":8},"end":{"line":28,"column":null}},"15":{"start":{"line":31,"column":8},"end":{"line":33,"column":null}},"16":{"start":{"line":7,"column":13},"end":{"line":34,"column":null}}},"fnMap":{"0":{"name":"(anonymous_4)","decl":{"start":{"line":8,"column":2},"end":{"line":8,"column":31}},"loc":{"start":{"line":8,"column":71},"end":{"line":8,"column":75}}},"1":{"name":"(anonymous_5)","decl":{"start":{"line":11,"column":2},"end":{"line":11,"column":7}},"loc":{"start":{"line":11,"column":36},"end":{"line":13,"column":3}}},"2":{"name":"(anonymous_6)","decl":{"start":{"line":16,"column":2},"end":{"line":16,"column":7}},"loc":{"start":{"line":16,"column":71},"end":{"line":18,"column":3}}},"3":{"name":"(anonymous_7)","decl":{"start":{"line":21,"column":2},"end":{"line":21,"column":7}},"loc":{"start":{"line":21,"column":82},"end":{"line":23,"column":3}}},"4":{"name":"(anonymous_8)","decl":{"start":{"line":26,"column":2},"end":{"line":26,"column":7}},"loc":{"start":{"line":26,"column":68},"end":{"line":28,"column":3}}},"5":{"name":"(anonymous_9)","decl":{"start":{"line":31,"column":2},"end":{"line":31,"column":7}},"loc":{"start":{"line":31,"column":80},"end":{"line":33,"column":3}}}},"branchMap":{},"s":{"0":0,"1":0,"2":0,"3":0,"4":0,"5":0,"6":0,"7":0,"8":0,"9":0,"10":0,"11":0,"12":0,"13":0,"14":0,"15":0,"16":0},"f":{"0":0,"1":0,"2":0,"3":0,"4":0,"5":0},"b":{}}
,"C:\\Users\\bandujar\\GEI_adeptify\\backend\\src\\modules\\gamification\\gamification.module.ts": {"path":"C:\\Users\\bandujar\\GEI_adeptify\\backend\\src\\modules\\gamification\\gamification.module.ts","statementMap":{"0":{"start":{"line":1,"column":0},"end":{"line":1,"column":40}},"1":{"start":{"line":2,"column":0},"end":{"line":2,"column":48}},"2":{"start":{"line":3,"column":0},"end":{"line":3,"column":67}},"3":{"start":{"line":4,"column":0},"end":{"line":4,"column":61}},"4":{"start":{"line":5,"column":0},"end":{"line":5,"column":75}},"5":{"start":{"line":6,"column":0},"end":{"line":6,"column":53}},"6":{"start":{"line":14,"column":7},"end":{"line":14,"column":null}},"7":{"start":{"line":14,"column":13},"end":{"line":14,"column":31}},"8":{"start":{"line":14,"column":13},"end":{"line":14,"column":null}}},"fnMap":{},"branchMap":{},"s":{"0":0,"1":0,"2":0,"3":0,"4":0,"5":0,"6":0,"7":0,"8":0},"f":{},"b":{}}
,"C:\\Users\\bandujar\\GEI_adeptify\\backend\\src\\modules\\gamification\\gamification.service.ts": {"path":"C:\\Users\\bandujar\\GEI_adeptify\\backend\\src\\modules\\gamification\\gamification.service.ts","statementMap":{"0":{"start":{"line":1,"column":0},"end":{"line":1,"column":44}},"1":{"start":{"line":2,"column":0},"end":{"line":2,"column":51}},"2":{"start":{"line":3,"column":0},"end":{"line":3,"column":37}},"3":{"start":{"line":4,"column":0},"end":{"line":4,"column":75}},"4":{"start":{"line":5,"column":0},"end":{"line":5,"column":53}},"5":{"start":{"line":8,"column":7},"end":{"line":87,"column":null}},"6":{"start":{"line":11,"column":12},"end":{"line":11,"column":42}},"7":{"start":{"line":13,"column":12},"end":{"line":13,"column":28}},"8":{"start":{"line":17,"column":17},"end":{"line":19,"column":6}},"9":{"start":{"line":21,"column":4},"end":{"line":31,"column":5}},"10":{"start":{"line":22,"column":6},"end":{"line":29,"column":9}},"11":{"start":{"line":30,"column":6},"end":{"line":30,"column":59}},"12":{"start":{"line":33,"column":4},"end":{"line":33,"column":18}},"13":{"start":{"line":37,"column":19},"end":{"line":37,"column":51}},"14":{"start":{"line":39,"column":4},"end":{"line":39,"column":33}},"15":{"start":{"line":40,"column":4},"end":{"line":40,"column":29}},"16":{"start":{"line":41,"column":4},"end":{"line":41,"column":37}},"17":{"start":{"line":44,"column":21},"end":{"line":44,"column":53}},"18":{"start":{"line":45,"column":4},"end":{"line":51,"column":5}},"19":{"start":{"line":46,"column":6},"end":{"line":46,"column":30}},"20":{"start":{"line":48,"column":6},"end":{"line":50,"column":7}},"21":{"start":{"line":49,"column":8},"end":{"line":49,"column":48}},"22":{"start":{"line":53,"column":4},"end":{"line":53,"column":64}},"23":{"start":{"line":57,"column":19},"end":{"line":57,"column":51}},"24":{"start":{"line":59,"column":4},"end":{"line":62,"column":5}},"25":{"start":{"line":60,"column":6},"end":{"line":60,"column":36}},"26":{"start":{"line":61,"column":6},"end":{"line":61,"column":66}},"27":{"start":{"line":64,"column":4},"end":{"line":64,"column":18}},"28":{"start":{"line":68,"column":19},"end":{"line":68,"column":51}},"29":{"start":{"line":70,"column":4},"end":{"line":73,"column":5}},"30":{"start":{"line":71,"column":6},"end":{"line":71,"column":48}},"31":{"start":{"line":72,"column":6},"end":{"line":72,"column":66}},"32":{"start":{"line":75,"column":4},"end":{"line":75,"column":18}},"33":{"start":{"line":79,"column":4},"end":{"line":85,"column":17}},"34":{"start":{"line":8,"column":13},"end":{"line":8,"column":32}},"35":{"start":{"line":8,"column":13},"end":{"line":87,"column":null}}},"fnMap":{"0":{"name":"(anonymous_4)","decl":{"start":{"line":9,"column":2},"end":{"line":9,"column":null}},"loc":{"start":{"line":13,"column":44},"end":{"line":14,"column":6}}},"1":{"name":"(anonymous_5)","decl":{"start":{"line":16,"column":2},"end":{"line":16,"column":7}},"loc":{"start":{"line":16,"column":36},"end":{"line":34,"column":3}}},"2":{"name":"(anonymous_6)","decl":{"start":{"line":36,"column":2},"end":{"line":36,"column":7}},"loc":{"start":{"line":36,"column":69},"end":{"line":54,"column":3}}},"3":{"name":"(anonymous_7)","decl":{"start":{"line":56,"column":2},"end":{"line":56,"column":7}},"loc":{"start":{"line":56,"column":50},"end":{"line":65,"column":3}}},"4":{"name":"(anonymous_8)","decl":{"start":{"line":67,"column":2},"end":{"line":67,"column":7}},"loc":{"start":{"line":67,"column":62},"end":{"line":76,"column":3}}},"5":{"name":"(anonymous_9)","decl":{"start":{"line":78,"column":2},"end":{"line":78,"column":7}},"loc":{"start":{"line":78,"column":59},"e
[...]
,"C:\\Users\\bandujar\\GEI_adeptify\\backend\\src\\modules\\schools\\dto\\update-school.dto.ts": {"path":"C:\\Users\\bandujar\\GEI_adeptify\\backend\\src\\modules\\schools\\dto\\update-school.dto.ts","statementMap":{"0":{"start":{"line":1,"column":0},"end":{"line":1,"column":51}},"1":{"start":{"line":2,"column":0},"end":{"line":2,"column":54}},"2":{"start":{"line":4,"column":0},"end":{"line":4,"column":13}}},"fnMap":{},"branchMap":{},"s":{"0":0,"1":0,"2":0},"f":{},"b":{}}
,"C:\\Users\\bandujar\\GEI_adeptify\\backend\\src\\modules\\schools\\entities\\school.entity.ts": {"path":"C:\\Users\\bandujar\\GEI_adeptify\\backend\\src\\modules\\schools\\entities\\school.entity.ts","statementMap":{"0":{"start":{"line":1,"column":0},"end":{"line":1,"column":112}},"1":{"start":{"line":2,"column":0},"end":{"line":2,"column":56}},"2":{"start":{"line":3,"column":0},"end":{"line":3,"column":68}},"3":{"start":{"line":6,"column":7},"end":{"line":40,"column":null}},"4":{"start":{"line":6,"column":13},"end":{"line":6,"column":19}},"5":{"start":{"line":8,"column":2},"end":{"line":8,"column":null}},"6":{"start":{"line":11,"column":2},"end":{"line":11,"column":null}},"7":{"start":{"line":14,"column":2},"end":{"line":14,"column":null}},"8":{"start":{"line":17,"column":2},"end":{"line":17,"column":null}},"9":{"start":{"line":20,"column":2},"end":{"line":20,"column":null}},"10":{"start":{"line":23,"column":2},"end":{"line":23,"column":null}},"11":{"start":{"line":26,"column":2},"end":{"line":26,"column":null}},"12":{"start":{"line":29,"column":2},"end":{"line":29,"column":null}},"13":{"start":{"line":32,"column":2},"end":{"line":32,"column":null}},"14":{"start":{"line":36,"column":2},"end":{"line":36,"column":null}},"15":{"start":{"line":35,"column":19},"end":{"line":35,"column":23}},"16":{"start":{"line":35,"column":33},"end":{"line":35,"column":44}},"17":{"start":{"line":39,"column":2},"end":{"line":39,"column":null}},"18":{"start":{"line":38,"column":19},"end":{"line":38,"column":27}},"19":{"start":{"line":38,"column":41},"end":{"line":38,"column":56}},"20":{"start":{"line":6,"column":13},"end":{"line":40,"column":null}}},"fnMap":{"0":{"name":"(anonymous_2)","decl":{"start":{"line":35,"column":13},"end":{"line":35,"column":16}},"loc":{"start":{"line":35,"column":19},"end":{"line":35,"column":23}}},"1":{"name":"(anonymous_3)","decl":{"start":{"line":35,"column":25},"end":{"line":35,"column":29}},"loc":{"start":{"line":35,"column":33},"end":{"line":35,"column":44}}},"2":{"name":"(anonymous_4)","decl":{"start":{"line":38,"column":13},"end":{"line":38,"column":16}},"loc":{"start":{"line":38,"column":19},"end":{"line":38,"column":27}}},"3":{"name":"(anonymous_5)","decl":{"start":{"line":38,"column":29},"end":{"line":38,"column":37}},"loc":{"start":{"line":38,"column":41},"end":{"line":38,"column":56}}}},"branchMap":{},"s":{"0":1,"1":1,"2":1,"3":1,"4":1,"5":1,"6":1,"7":1,"8":1,"9":1,"10":1,"11":1,"12":1,"13":1,"14":1,"15":0,"16":0,"17":1,"18":0,"19":0,"20":1},"f":{"0":0,"1":0,"2":0,"3":0},"b":{}}
,"C:\\Users\\bandujar\\GEI_adeptify\\backend\\src\\modules\\users\\users.controller.ts": {"path":"C:\\Users\\bandujar\\GEI_adeptify\\backend\\src\\modules\\users\\users.controller.ts","statementMap":{"0":{"start":{"line":1,"column":0},"end":{"line":1,"column":null}},"1":{"start":{"line":13,"column":0},"end":{"line":13,"column":45}},"2":{"start":{"line":14,"column":0},"end":{"line":14,"column":84}},"3":{"start":{"line":16,"column":0},"end":{"line":16,"column":47}},"4":{"start":{"line":17,"column":0},"end":{"line":17,"column":54}},"5":{"start":{"line":18,"column":0},"end":{"line":18,"column":54}},"6":{"start":{"line":25,"column":7},"end":{"line":196,"column":null}},"7":{"start":{"line":26,"column":31},"end":{"line":26,"column":45}},"8":{"start":{"line":33,"column":24},"end":{"line":33,"column":32}},"9":{"start":{"line":34,"column":4},"end":{"line":34,"column":64}},"10":{"start":{"line":42,"column":24},"end":{"line":42,"column":32}},"11":{"start":{"line":43,"column":4},"end":{"line":43,"column":84}},"12":{"start":{"line":52,"column":24},"end":{"line":52,"column":32}},"13":{"start":{"line":53,"column":4},"end":{"line":53,"column":54}},"14":{"start":{"line":66,"column":24},"end":{"line":66,"column":32}},"15":{"start":{"line":67,"column":4},"end":{"line":67,"column":68}},"16":{"start":{"line":76,"column":24},"end":{"line":76,"column":32}},"17":{"start":{"line":77,"column":4},"end":{"line":77,"column":53}},"18":{"start":{"line":86,"column":24},"end":{"line":86,"column":32}},"19":{"start":{"line":87,"column":4},"end":{"line":87,"column":59}},"20":{"start":{"line":96,"column":24},"end":{"line":96,"column":32}},"21":{"start":{"line":97,"column":4},"end":{"line":97,"column":61}},"22":{"start":{"line":111,"column":24},"end":{"line":111,"column":32}},"23":{"start":{"line":112,"column":4},"end":{"line":112,"column":69}},"24":{"start":{"line":125,"column":24},"end":{"line":125,"column":32}},"25":{"start":{"line":126,"column":4},"end":{"line":126,"column":67}},"26":{"start":{"line":139,"column":24},"end":{"line":139,"column":32}},"27":{"start":{"line":140,"column":4},"end":{"line":140,"column":79}},"28":{"start":{"line":153,"column":24},"end":{"line":153,"column":32}},"29":{"start":{"line":154,"column":4},"end":{"line":154,"column":87}},"30":{"start":{"line":162,"column":24},"end":{"line":162,"column":32}},"31":{"start":{"line":163,"column":4},"end":{"line":163,"column":63}},"32":{"start":{"line":171,"column":24},"end":{"line":171,"column":32}},"33":{"start":{"line":172,"column":4},"end":{"line":172,"column":65}},"34":{"start":{"line":181,"column":24},"end":{"line":181,"column":32}},"35":{"start":{"line":182,"column":4},"end":{"line":182,"column":66}},"36":{"start":{"line":193,"column":24},"end":{"line":193,"column":32}},"37":{"start":{"line":194,"column":4},"end":{"line":194,"column":80}},"38":{"start":{"line":25,"column":13},"end":{"line":25,"column":28}},"39":{"start":{"line":32,"column":8},"end":{"line":35,"column":null}},"40":{"start":{"line":41,"column":8},"end":{"line":44,"column":null}},"41":{"start":{"line":51,"column":8},"end":{"line":54,"column":null}},"42":{"start":{"line":61,"column":8},"end":{"line":68,"column":null}},"43":{"start":{"line":75,"column":8},"end":{"line":78,"column":null}},"44":{"start":{"line":85,"column":8},"end":{"line":88,"column":null}},"45":{"start":{"line":95,"column":8},"end":{"line":98,"column":null}},"46":{"start":{"line":106,"column":8},"end":{"line":113,"column":null}},"47":{"start":{"line":120,"column":8},"end":{"line":127,"column":null}},"48":{"start":{"line":134,"column":8},"end":{"line":141,"column":null}},"49":{"start":{"line":148,"column":8},"end":{"line":155,"column":null}},"50":{"start":{"line":161,"column":8},"end":{"line":164,"column":null}},"51":{"start":{"line":170,"column":8},"end":{"line":173,"column":null}},"52":{"start":{"line":180,"column":8},"end":{"line":183,"column":null}},"53":{"start":{"line":189,"column":8},"end":{"line":195,"column":null}},"54":{"start":{"line":25,"column":13},"end":{"line":196,"column":null}}},"fnMap":{"0":{"name":"(anonymous_4)","decl":{"start":{"line":26,"column":2},"end":{"line":26,"column":31}},"loc":{"start":{"line":26,"column":57},"end":{"line":26,"column":61}}},"1":{"name":"(anonymous_5)","decl":{"start":{"line":32,"column":2},"end":{"line":32,"column":7}},"loc":{"start":{"line":32,"column":63},"end":{"line":35,"column":3}}},"2":{"name":"(anonymous_6)","decl":{"start":{"line":41,"column":2},"end":{"line":41,"column":7}},"loc":{"start":{"line":41,"column":63},"end":{"line":44,"column":3}}},"3":{"name":"(anonymous_7)","decl":{"start":{"line":51,"column":2},"end":{"line":51,"column":7}},"loc":{"start":{"line":51,"column":51},"end":{"line":54,"column":3}}},"4":{"name":"(anonymous_8)","decl":{"start":{"line":61,"column":2},"end":{"line":61,"column":7}},"loc":{"start":{"line":64,"column":14},"end":{"line":68,"column":3}}},"5":{"name":"(anonymous_9)","decl":{"start":{"line":75,"column":2},"end":{"line":75,"column":7}},"loc":{"start":{"line":75,"column":50},"end":{"line":78,"column":3}}},"6":{"name":"(anonymous_10)","decl":{"start":{"line":85,"column":2},"end":{"line":85,"column":7}},"loc":{"start":{"line":85,"column":56},"end":{"line":88,"column":3}}},"7":{"name":"(anonymous_11)","decl":{"start":{"line":95,"column":2},"end":{"line":95,"column":7}},"loc":{"start":{"line":95,"column":58},"end":{"line":98,"column":3}}},"8":{"name":"(anonymous_12)","decl":{"start":{"line":106,"column":2},"end":{"line":106,"column":7}},"loc":{"start":{"line":109,"column":14},"end":{"line":113,"column":3}}},"9":{"name":"(anonymous_13)","decl":{"start":{"line":120,"column":2},"end":{"line":120,"column":7}},"loc":{"start":{"line":123,"column":14},"end":{"line":127,"column":3}}},"10":{"name":"(anonymous_14)","decl":{"start":{"line":134,"column":2},"end":{"line":134,"column":7}},"loc":{"start":{"line":137,"column":14},"end":{"line":141,"column":3}}},"11":{"name":"(anonymous_15)","decl":{"start":{"line":148,"column":2},"end":{"line":148,"column":7}},"loc":{"start":{"line":151,"column":14},"end":{"line":155,"column":3}}},"12":{"name":"(anonymous_16)","decl":{"start":{"line":161,"column":2},"end":{"line":161,"column":7}},"loc":{"start":{"line":161,"column":65},"end":{"line":164,"column":3}}},"13":{"name":"(anonymous_17)","decl":{"start":{"line":170,"column":2},"end":{"line":170,"column":7}},"loc":{"start":{"line":170,"column":68},"end":{"line":173,"column":3}}},"14":{"name":"(anonymous_18)","decl":{"start":{"line":180,"column":2},"end":{"line":180,"column":7}},"loc":{"start":{"line":180,"column":31},"end":{"line":183,"column":3}}},"15":{"name":"(anonymous_19)","decl":{"start":{"line":189,"column":2},"end":{"line":189,"column":7}},"loc":{"start":{"line":191,"column":14},"end":{"line":195,"column":3}}}},"branchMap":{"0":{"loc":{"start":{"line":43,"column":37},"end":{"line":43,"column":69}},"type":"binary-expr","locations":[{"start":{"line":43,"column":37},"end":{"line":43,"column":45}},{"start":{"line":43,"column":49},"end":{"line":43,"column":69}}]},"1":{"loc":{"start":{"line":154,"column":53},"end":{"line":154,"column":85}},"type":"binary-expr","locations":[{"start":{"line":154,"column":53},"end":{"line":154,"column":61}},{"start":{"line":154,"column":65},"end":{"line":154,"column":85}}]}},"s":{"0":0,"1":0,"2":0,"3":0,"4":0,"5":0,"6":0,"7":0,"8":0,"9":0,"10":0,"11":0,"12":0,"13":0,"14":0,"15":0,"16":0,"17":0,"18":0,"19":0,"20":0,"21":0,"22":0,"23":0,"24":0,"25":0,"26":0,"27":0,"28":0,"29":0,"30":0,"31":0,"32":0,"33":0,"34":0,"35":0,"36":0,"37":0,"38":0,"39":0,"40":0,"41":0,"42":0,"43":0,"44":0,"45":0,"46":0,"47":0,"48":0,"49":0,"50":0,"51":0,"52":0,"53":0,"54":0},"f":{"0":0,"1":0,"2":0,"3":0,"4":0,"5":0,"6":0,"7":0,"8":0,"9":0,"10":0,"11":0,"12":0,"13":0,"14":0,"15":0},"b":{"0":[0,0],"1":[0,0]}}
,"C:\\Users\\bandujar\\GEI_adeptify\\backend\\src\\modules\\users\\users.module.ts": {"path":"C:\\Users\\bandujar\\GEI_adeptify\\backend\\src\\modules\\users\\users.module.ts","statementMap":{"0":{"start":{"line":1,"column":0},"end":{"line":1,"column":40}},"1":{"start":{"line":2,"column":0},"end":{"line":2,"column":48}},"2":{"start":{"line":4,"column":0},"end":{"line":4,"column":53}},"3":{"start":{"line":5,"column":0},"end":{"line":5,"column":47}},"4":{"start":{"line":6,"column":0},"end":{"line":6,"column":46}},"5":{"start":{"line":14,"column":7},"end":{"line":14,"column":null}},"6":{"start":{"line":14,"column":13},"end":{"line":14,"column":24}},"7":{"start":{"line":14,"column":13},"end":{"line":14,"column":null}}},"fnMap":{},"branchMap":{},"s":{"0":0,"1":0,"2":0,"3":0,"4":0,"5":0,"6":0,"7":0},"f":{},"b":{}}
,"C:\\Users\\bandujar\\GEI_adeptify\\backend\\src\\modules\\users\\dto\\create-user.dto.ts": {"path":"C:\\Users\\bandujar\\GEI_adeptify\\backend\\src\\modules\\users\\dto\\create-user.dto.ts","statementMap":{"0":{"start":{"line":1,"column":0},"end":{"line":1,"column":91}},"1":{"start":{"line":2,"column":0},"end":{"line":2,"column":51}},"2":{"start":{"line":4,"column":0},"end":{"line":4,"column":13}},"3":{"start":{"line":6,"column":2},"end":{"line":6,"column":null}},"4":{"start":{"line":10,"column":2},"end":{"line":10,"column":null}},"5":{"start":{"line":14,"column":2},"end":{"line":14,"column":null}},"6":{"start":{"line":17,"column":2},"end":{"line":17,"column":null}},"7":{"start":{"line":20,"column":2},"end":{"line":20,"column":null}},"8":{"start":{"line":24,"column":2},"end":{"line":24,"column":null}},"9":{"start":{"line":28,"column":2},"end":{"line":28,"column":null}},"10":{"start":{"line":32,"column":2},"end":{"line":32,"column":null}},"11":{"start":{"line":36,"column":2},"end":{"line":36,"column":null}},"12":{"start":{"line":39,"column":2},"end":{"line":44,"column":null}}},"fnMap":{},"branchMap":{},"s":{"0":0,"1":0,"2":0,"3":0,"4":0,"5":0,"6":0,"7":0,"8":0,"9":0,"10":0,"11":0,"12":0},"f":{},"b":{}}
,"C:\\Users\\bandujar\\GEI_adeptify\\backend\\src\\modules\\users\\dto\\update-user.dto.ts": {"path":"C:\\Users\\bandujar\\GEI_adeptify\\backend\\src\\modules\\users\\dto\\update-user.dto.ts","statementMap":{"0":{"start":{"line":1,"column":0},"end":{"line":1,"column":46}},"1":{"start":{"line":2,"column":0},"end":{"line":2,"column":50}},"2":{"start":{"line":4,"column":0},"end":{"line":4,"column":13}}},"fnMap":{},"branchMap":{},"s":{"0":0,"1":0,"2":0},"f":{},"b":{}}
,"C:\\Users\\bandujar\\GEI_adeptify\\backend\\src\\modules\\users\\entities\\user.entity.ts": {"path":"C:\\Users\\bandujar\\GEI_adeptify\\backend\\src\\modules\\users\\entities\\user.entity.ts","statementMap":{"0":{"start":{"line":1,"column":0},"end":{"line":1,"column":null}},"1":{"start":{"line":12,"column":0},"end":{"line":12,"column":44}},"2":{"start":{"line":13,"column":0},"end":{"line":13,"column":62}},"3":{"start":{"line":15,"column":0},"end":{"line":15,"column":null}},"4":{"start":{"line":16,"column":2},"end":{"line":16,"column":null}},"5":{"start":{"line":17,"column":2},"end":{"line":17,"column":null}},"6":{"start":{"line":18,"column":2},"end":{"line":18,"column":null}},"7":{"start":{"line":19,"column":2},"end":{"line":19,"column":null}},"8":{"start":{"line":20,"column":2},"end":{"line":20,"column":null}},"9":{"start":{"line":21,"column":2},"end":{"line":21,"column":null}},"10":{"start":{"line":24,"column":0},"end":{"line":24,"column":null}},"11":{"start":{"line":25,"column":2},"end":{"line":25,"column":null}},"12":{"start":{"line":26,"column":2},"end":{"line":26,"column":null}},"13":{"start":{"line":27,"column":2},"end":{"line":27,"column":null}},"14":{"start":{"line":28,"column":2},"end":{"line":28,"column":null}},"15":{"start":{"line":33,"column":7},"end":{"line":149,"column":null}},"16":{"start":{"line":127,"column":4},"end":{"line":127,"column":48}},"17":{"start":{"line":131,"column":4},"end":{"line":131,"column":45}},"18":{"start":{"line":135,"column":4},"end":{"line":135,"column":42}},"19":{"start":{"line":139,"column":4},"end":{"line":139,"column":42}},"20":{"start":{"line":143,"column":4},"end":{"line":143,"column":41}},"21":{"start":{"line":147,"column":4},"end":{"line":147,"column":78}},"22":{"start":{"line":33,"column":13},"end":{"line":33,"column":17}},"23":{"start":{"line":35,"column":2},"end":{"line":35,"column":null}},"24":{"start":{"line":38,"column":2},"end":{"line":38,"column":null}},"25":{"start":{"line":41,"column":2},"end":{"line":41,"column":null}},"26":{"start":{"line":44,"column":2},"end":{"line":44,"column":null}},"27":{"start":{"line":47,"column":2},"end":{"line":47,"column":null}},"28":{"start":{"line":50,"column":2},"end":{"line":50,"column":null}},"29":{"start":{"line":53,"column":2},"end":{"line":53,"column":null}},"30":{"start":{"line":57,"column":2},"end":{"line":57,"column":null}},"31":{"start":{"line":60,"column":2},"end":{"line":60,"column":null}},"32":{"start":{"line":63,"column":2},"end":{"line":63,"column":null}},"33":{"start":{"line":66,"column":2},"end":{"line":66,"column":null}},"34":{"start":{"line":69,"column":2},"end":{"line":79,"column":null}},"35":{"start":{"line":82,"column":2},"end":{"line":82,"column":null}},"36":{"start":{"line":86,"column":2},"end":{"line":86,"column":null}},"37":{"start":{"line":84,"column":19},"end":{"line":84,"column":25}},"38":{"start":{"line":84,"column":37},"end":{"line":84,"column":49}},"39":{"start":{"line":89,"column":2},"end":{"line":89,"column":null}},"40":{"start":{"line":92,"column":2},"end":{"line":92,"column":null}},"41":{"start":{"line":95,"column":2},"end":{"line":100,"column":null}},"42":{"start":{"line":103,"column":2},"end":{"line":108,"column":null}},"43":{"start":{"line":111,"column":2},"end":{"line":111,"column":null}},"44":{"start":{"line":114,"column":2},"end":{"line":114,"column":null}},"45":{"start":{"line":117,"column":2},"end":{"line":117,"column":null}},"46":{"start":{"line":120,"column":2},"end":{"line":120,"column":null}},"47":{"start":{"line":123,"column":2},"end":{"line":123,"column":null}},"48":{"start":{"line":33,"column":13},"end":{"line":149,"column":null}}},"fnMap":{"0":{"name":"(anonymous_2)","decl":{"start":{"line":15,"column":0},"end":{"line":15,"column":12}},"loc":{"start":{"line":15,"column":20},"end":{"line":22,"column":1}}},"1":{"name":"(anonymous_3)","decl":{"start":{"line":24,"column":0},"end":{"line":24,"column":12}},"loc":{"start":{"line":24,"column":22},"end":{"line":29,"column":1}}},"2":{"name":"(anonymous_4)","decl":{"start":{"line":126,"column":2},"end":{"line":126,"column":6}},"loc":{"start":{"line":126,"column":14},"end":{"line":128,"column":3}}},"3":{"name":"(anonymous_5)","decl":{"start":{"line":130,"column":2},"end":{"line":130,"column":6}},"loc":{"start":{"line":130,"column":14},"end":{"line":132,"column":3}}},"4":{"name":"(anonymous_6)","decl":{"start":{"line":134,"column":2},"end":{"line":134,"column":6}},"loc":{"start":{"line":134,"column":15},"end":{"line":136,"column":3}}},"5":{"name":"(anonymous_7)","decl":{"start":{"line":138,"column":2},"end":{"line":138,"column":6}},"loc":{"start":{"line":138,"column":15},"end":{"line":140,"column":3}}},"6":{"name":"(anonymous_8)","decl":{"start":{"line":142,"column":2},"end":{"line":142,"column":6}},"loc":{"start":{"line":142,"column":14},"end":{"line":144,"column":3}}},"7":{"name":"(anonymous_9)","decl":{"start":{"line":146,"column":2},"end":{"line":146,"column":6}},"loc":{"start":{"line":146,"column":13},"end":{"line":148,"column":3}}},"8":{"name":"(anonymous_10)","decl":{"start":{"line":84,"column":13},"end":{"line":84,"column":16}},"loc":{"start":{"line":84,"column":19},"end":{"line":84,"column":25}}},"9":{"name":"(anonymous_11)","decl":{"start":{"line":84,"column":27},"end":{"line":84,"column":33}},"loc":{"start":{"line":84,"column":37},"end":{"line":84,"column":49}}}},"branchMap":{"0":{"loc":{"start":{"line":15,"column":12},"end":{"line":15,"column":null}},"type":"binary-expr","locations":[{"start":{"line":15,"column":12},"end":{"line":15,"column":20}},{"start":{"line":15,"column":20},"end":{"line":15,"column":null}}]},"1":{"loc":{"start":{"line":24,"column":12},"end":{"line":24,"column":null}},"type":"binary-expr","locations":[{"start":{"line":24,"column":12},"end":{"line":24,"column":22}},{"start":{"line":24,"column":22},"end":{"line":24,"column":null}}]},"2":{"loc":{"start":{"line":147,"column":11},"end":{"line":147,"column":77}},"type":"binary-expr","locations":[{"start":{"line":147,"column":11},"end":{"line":147,"column":39}},{"start":{"line":147,"column":43},"end":{"line":147,"column":77}}]}},"s":{"0":1,"1":1,"2":1,"3":1,"4":1,"5":1,"6":1,"7":1,"8":1,"9":1,"10":1,"11":1,"12":1,"13":1,"14":1,"15":1,"16":0,"17":0,"18":0,"19":0,"20":0,"21":0,"22":1,"23":1,"24":1,"25":1,"26":1,"27":1,"28":1,"29":1,"30":1,"31":1,"32":1,"33":1,"34":1,"35":1,"36":1,"37":0,"38":0,"39":1,"40":1,"41":1,"42":1,"43":1,"44":1,"45":1,"46":1,"47":1,"48":1},"f":{"0":1,"1":1,"2":0,"3":0,"4":0,"5":0,"6":0,"7":0,"8":0,"9":0},"b":{"0":[1,1],"1":[1,1],"2":[0,0]}}
}
